{"/root/zalo-pay/zalopay/backend/middleware/auth.js": {"path":"/root/zalo-pay/zalopay/backend/middleware/auth.js","statementMap":{"0":{"start":{"line":2,"column":12},"end":{"line":2,"column":35}},"1":{"start":{"line":3,"column":28},"end":{"line":3,"column":74}},"2":{"start":{"line":4,"column":15},"end":{"line":4,"column":35}},"3":{"start":{"line":5,"column":32},"end":{"line":5,"column":58}},"4":{"start":{"line":7,"column":28},"end":{"line":7,"column":53}},"5":{"start":{"line":13,"column":21},"end":{"line":13,"column":75}},"6":{"start":{"line":14,"column":2},"end":{"line":16,"column":3}},"7":{"start":{"line":15,"column":4},"end":{"line":15,"column":16}},"8":{"start":{"line":17,"column":2},"end":{"line":17,"column":33}},"9":{"start":{"line":24,"column":16},"end":{"line":24,"column":39}},"10":{"start":{"line":26,"column":2},"end":{"line":31,"column":3}},"11":{"start":{"line":27,"column":4},"end":{"line":29,"column":5}},"12":{"start":{"line":28,"column":6},"end":{"line":28,"column":20}},"13":{"start":{"line":30,"column":4},"end":{"line":30,"column":74}},"14":{"start":{"line":33,"column":2},"end":{"line":43,"column":5}},"15":{"start":{"line":34,"column":4},"end":{"line":39,"column":5}},"16":{"start":{"line":35,"column":6},"end":{"line":37,"column":7}},"17":{"start":{"line":36,"column":8},"end":{"line":36,"column":22}},"18":{"start":{"line":38,"column":6},"end":{"line":38,"column":71}},"19":{"start":{"line":41,"column":4},"end":{"line":41,"column":23}},"20":{"start":{"line":42,"column":4},"end":{"line":42,"column":11}},"21":{"start":{"line":49,"column":26},"end":{"line":51,"column":1}},"22":{"start":{"line":50,"column":2},"end":{"line":50,"column":46}},"23":{"start":{"line":56,"column":21},"end":{"line":58,"column":1}},"24":{"start":{"line":57,"column":2},"end":{"line":57,"column":45}},"25":{"start":{"line":63,"column":22},"end":{"line":68,"column":1}},"26":{"start":{"line":64,"column":2},"end":{"line":67,"column":5}},"27":{"start":{"line":73,"column":26},"end":{"line":101,"column":1}},"28":{"start":{"line":74,"column":2},"end":{"line":100,"column":3}},"29":{"start":{"line":75,"column":23},"end":{"line":75,"column":48}},"30":{"start":{"line":77,"column":4},"end":{"line":79,"column":5}},"31":{"start":{"line":78,"column":6},"end":{"line":78,"column":72}},"32":{"start":{"line":81,"column":18},"end":{"line":81,"column":41}},"33":{"start":{"line":82,"column":20},"end":{"line":82,"column":61}},"34":{"start":{"line":84,"column":18},"end":{"line":84,"column":68}},"35":{"start":{"line":86,"column":4},"end":{"line":88,"column":5}},"36":{"start":{"line":87,"column":6},"end":{"line":87,"column":79}},"37":{"start":{"line":90,"column":4},"end":{"line":90,"column":22}},"38":{"start":{"line":91,"column":4},"end":{"line":91,"column":11}},"39":{"start":{"line":93,"column":4},"end":{"line":95,"column":5}},"40":{"start":{"line":94,"column":6},"end":{"line":94,"column":62}},"41":{"start":{"line":96,"column":4},"end":{"line":98,"column":5}},"42":{"start":{"line":97,"column":6},"end":{"line":97,"column":62}},"43":{"start":{"line":99,"column":4},"end":{"line":99,"column":16}},"44":{"start":{"line":107,"column":26},"end":{"line":130,"column":1}},"45":{"start":{"line":108,"column":2},"end":{"line":129,"column":4}},"46":{"start":{"line":109,"column":4},"end":{"line":111,"column":5}},"47":{"start":{"line":110,"column":6},"end":{"line":110,"column":72}},"48":{"start":{"line":113,"column":24},"end":{"line":115,"column":29}},"49":{"start":{"line":117,"column":28},"end":{"line":117,"column":55}},"50":{"start":{"line":118,"column":26},"end":{"line":122,"column":5}},"51":{"start":{"line":119,"column":6},"end":{"line":121,"column":38}},"52":{"start":{"line":124,"column":4},"end":{"line":126,"column":5}},"53":{"start":{"line":125,"column":6},"end":{"line":125,"column":73}},"54":{"start":{"line":128,"column":4},"end":{"line":128,"column":11}},"55":{"start":{"line":132,"column":0},"end":{"line":138,"column":2}}},"fnMap":{"0":{"name":"extractBearerToken","decl":{"start":{"line":12,"column":9},"end":{"line":12,"column":27}},"loc":{"start":{"line":12,"column":33},"end":{"line":18,"column":1}},"line":12},"1":{"name":"verifyToken","decl":{"start":{"line":23,"column":9},"end":{"line":23,"column":20}},"loc":{"start":{"line":23,"column":59},"end":{"line":44,"column":1}},"line":23},"2":{"name":"(anonymous_2)","decl":{"start":{"line":33,"column":47},"end":{"line":33,"column":48}},"loc":{"start":{"line":33,"column":65},"end":{"line":43,"column":3}},"line":33},"3":{"name":"(anonymous_3)","decl":{"start":{"line":49,"column":26},"end":{"line":49,"column":27}},"loc":{"start":{"line":49,"column":46},"end":{"line":51,"column":1}},"line":49},"4":{"name":"(anonymous_4)","decl":{"start":{"line":56,"column":21},"end":{"line":56,"column":22}},"loc":{"start":{"line":56,"column":41},"end":{"line":58,"column":1}},"line":56},"5":{"name":"(anonymous_5)","decl":{"start":{"line":63,"column":22},"end":{"line":63,"column":23}},"loc":{"start":{"line":63,"column":49},"end":{"line":68,"column":1}},"line":63},"6":{"name":"(anonymous_6)","decl":{"start":{"line":73,"column":26},"end":{"line":73,"column":27}},"loc":{"start":{"line":73,"column":52},"end":{"line":101,"column":1}},"line":73},"7":{"name":"(anonymous_7)","decl":{"start":{"line":107,"column":26},"end":{"line":107,"column":27}},"loc":{"start":{"line":107,"column":51},"end":{"line":130,"column":1}},"line":107},"8":{"name":"(anonymous_8)","decl":{"start":{"line":108,"column":9},"end":{"line":108,"column":10}},"loc":{"start":{"line":108,"column":29},"end":{"line":129,"column":3}},"line":108},"9":{"name":"(anonymous_9)","decl":{"start":{"line":118,"column":43},"end":{"line":118,"column":44}},"loc":{"start":{"line":119,"column":6},"end":{"line":121,"column":38}},"line":119}},"branchMap":{"0":{"loc":{"start":{"line":13,"column":21},"end":{"line":13,"column":75}},"type":"binary-expr","locations":[{"start":{"line":13,"column":21},"end":{"line":13,"column":46}},{"start":{"line":13,"column":50},"end":{"line":13,"column":75}}],"line":13},"1":{"loc":{"start":{"line":14,"column":2},"end":{"line":16,"column":3}},"type":"if","locations":[{"start":{"line":14,"column":2},"end":{"line":16,"column":3}},{"start":{},"end":{}}],"line":14},"2":{"loc":{"start":{"line":14,"column":6},"end":{"line":14,"column":54}},"type":"binary-expr","locations":[{"start":{"line":14,"column":6},"end":{"line":14,"column":17}},{"start":{"line":14,"column":21},"end":{"line":14,"column":54}}],"line":14},"3":{"loc":{"start":{"line":23,"column":32},"end":{"line":23,"column":57}},"type":"default-arg","locations":[{"start":{"line":23,"column":55},"end":{"line":23,"column":57}}],"line":23},"4":{"loc":{"start":{"line":23,"column":34},"end":{"line":23,"column":50}},"type":"default-arg","locations":[{"start":{"line":23,"column":45},"end":{"line":23,"column":50}}],"line":23},"5":{"loc":{"start":{"line":26,"column":2},"end":{"line":31,"column":3}},"type":"if","locations":[{"start":{"line":26,"column":2},"end":{"line":31,"column":3}},{"start":{},"end":{}}],"line":26},"6":{"loc":{"start":{"line":27,"column":4},"end":{"line":29,"column":5}},"type":"if","locations":[{"start":{"line":27,"column":4},"end":{"line":29,"column":5}},{"start":{},"end":{}}],"line":27},"7":{"loc":{"start":{"line":34,"column":4},"end":{"line":39,"column":5}},"type":"if","locations":[{"start":{"line":34,"column":4},"end":{"line":39,"column":5}},{"start":{},"end":{}}],"line":34},"8":{"loc":{"start":{"line":35,"column":6},"end":{"line":37,"column":7}},"type":"if","locations":[{"start":{"line":35,"column":6},"end":{"line":37,"column":7}},{"start":{},"end":{}}],"line":35},"9":{"loc":{"start":{"line":63,"column":32},"end":{"line":63,"column":44}},"type":"default-arg","locations":[{"start":{"line":63,"column":42},"end":{"line":63,"column":44}}],"line":63},"10":{"loc":{"start":{"line":77,"column":4},"end":{"line":79,"column":5}},"type":"if","locations":[{"start":{"line":77,"column":4},"end":{"line":79,"column":5}},{"start":{},"end":{}}],"line":77},"11":{"loc":{"start":{"line":77,"column":8},"end":{"line":77,"column":56}},"type":"binary-expr","locations":[{"start":{"line":77,"column":8},"end":{"line":77,"column":19}},{"start":{"line":77,"column":23},"end":{"line":77,"column":56}}],"line":77},"12":{"loc":{"start":{"line":86,"column":4},"end":{"line":88,"column":5}},"type":"if","locations":[{"start":{"line":86,"column":4},"end":{"line":88,"column":5}},{"start":{},"end":{}}],"line":86},"13":{"loc":{"start":{"line":86,"column":8},"end":{"line":86,"column":33}},"type":"binary-expr","locations":[{"start":{"line":86,"column":8},"end":{"line":86,"column":14}},{"start":{"line":86,"column":18},"end":{"line":86,"column":33}}],"line":86},"14":{"loc":{"start":{"line":93,"column":4},"end":{"line":95,"column":5}},"type":"if","locations":[{"start":{"line":93,"column":4},"end":{"line":95,"column":5}},{"start":{},"end":{}}],"line":93},"15":{"loc":{"start":{"line":96,"column":4},"end":{"line":98,"column":5}},"type":"if","locations":[{"start":{"line":96,"column":4},"end":{"line":98,"column":5}},{"start":{},"end":{}}],"line":96},"16":{"loc":{"start":{"line":109,"column":4},"end":{"line":111,"column":5}},"type":"if","locations":[{"start":{"line":109,"column":4},"end":{"line":111,"column":5}},{"start":{},"end":{}}],"line":109},"17":{"loc":{"start":{"line":113,"column":24},"end":{"line":115,"column":29}},"type":"cond-expr","locations":[{"start":{"line":114,"column":8},"end":{"line":114,"column":27}},{"start":{"line":115,"column":8},"end":{"line":115,"column":29}}],"line":113},"18":{"loc":{"start":{"line":117,"column":28},"end":{"line":117,"column":55}},"type":"binary-expr","locations":[{"start":{"line":117,"column":28},"end":{"line":117,"column":49}},{"start":{"line":117,"column":53},"end":{"line":117,"column":55}}],"line":117},"19":{"loc":{"start":{"line":119,"column":6},"end":{"line":121,"column":38}},"type":"binary-expr","locations":[{"start":{"line":119,"column":6},"end":{"line":119,"column":36}},{"start":{"line":120,"column":6},"end":{"line":120,"column":35}},{"start":{"line":121,"column":6},"end":{"line":121,"column":38}}],"line":119},"20":{"loc":{"start":{"line":124,"column":4},"end":{"line":126,"column":5}},"type":"if","locations":[{"start":{"line":124,"column":4},"end":{"line":126,"column":5}},{"start":{},"end":{}}],"line":124}},"s":{"0":1,"1":1,"2":1,"3":1,"4":1,"5":7,"6":7,"7":2,"8":5,"9":7,"10":7,"11":2,"12":1,"13":1,"14":5,"15":5,"16":2,"17":1,"18":1,"19":3,"20":3,"21":1,"22":4,"23":1,"24":3,"25":1,"26":1,"27":1,"28":0,"29":0,"30":0,"31":0,"32":0,"33":0,"34":0,"35":0,"36":0,"37":0,"38":0,"39":0,"40":0,"41":0,"42":0,"43":0,"44":1,"45":0,"46":0,"47":0,"48":0,"49":0,"50":0,"51":0,"52":0,"53":0,"54":0,"55":1},"f":{"0":7,"1":7,"2":5,"3":4,"4":3,"5":1,"6":0,"7":0,"8":0,"9":0},"b":{"0":[7,2],"1":[2,5],"2":[7,5],"3":[0],"4":[0],"5":[2,5],"6":[1,1],"7":[2,3],"8":[1,1],"9":[1],"10":[0,0],"11":[0,0],"12":[0,0],"13":[0,0],"14":[0,0],"15":[0,0],"16":[0,0],"17":[0,0],"18":[0,0],"19":[0,0,0],"20":[0,0]},"_coverageSchema":"1a1c01bbd47fc00a2c39e90264f33305004495a9","hash":"2001bda8ad82e6dad4965d35fb4188bb41f78663"}
,"/root/zalo-pay/zalopay/backend/middleware/errorHandler.js": {"path":"/root/zalo-pay/zalopay/backend/middleware/errorHandler.js","statementMap":{"0":{"start":{"line":5,"column":15},"end":{"line":5,"column":41}},"1":{"start":{"line":6,"column":21},"end":{"line":6,"column":47}},"2":{"start":{"line":7,"column":15},"end":{"line":7,"column":35}},"3":{"start":{"line":14,"column":2},"end":{"line":21,"column":5}},"4":{"start":{"line":24,"column":2},"end":{"line":33,"column":3}},"5":{"start":{"line":25,"column":4},"end":{"line":32,"column":7}},"6":{"start":{"line":36,"column":2},"end":{"line":45,"column":3}},"7":{"start":{"line":37,"column":4},"end":{"line":44,"column":7}},"8":{"start":{"line":48,"column":2},"end":{"line":56,"column":3}},"9":{"start":{"line":49,"column":4},"end":{"line":55,"column":7}},"10":{"start":{"line":58,"column":2},"end":{"line":66,"column":3}},"11":{"start":{"line":59,"column":4},"end":{"line":65,"column":7}},"12":{"start":{"line":69,"column":2},"end":{"line":77,"column":3}},"13":{"start":{"line":70,"column":4},"end":{"line":76,"column":7}},"14":{"start":{"line":80,"column":21},"end":{"line":80,"column":42}},"15":{"start":{"line":81,"column":18},"end":{"line":83,"column":17}},"16":{"start":{"line":85,"column":24},"end":{"line":90,"column":3}},"17":{"start":{"line":93,"column":2},"end":{"line":96,"column":3}},"18":{"start":{"line":94,"column":4},"end":{"line":94,"column":42}},"19":{"start":{"line":95,"column":4},"end":{"line":95,"column":46}},"20":{"start":{"line":98,"column":2},"end":{"line":98,"column":45}},"21":{"start":{"line":106,"column":2},"end":{"line":108,"column":4}},"22":{"start":{"line":107,"column":4},"end":{"line":107,"column":52}},"23":{"start":{"line":115,"column":17},"end":{"line":115,"column":36}},"24":{"start":{"line":116,"column":15},"end":{"line":116,"column":48}},"25":{"start":{"line":117,"column":2},"end":{"line":122,"column":5}},"26":{"start":{"line":125,"column":0},"end":{"line":129,"column":2}}},"fnMap":{"0":{"name":"errorHandler","decl":{"start":{"line":12,"column":9},"end":{"line":12,"column":21}},"loc":{"start":{"line":12,"column":43},"end":{"line":99,"column":1}},"line":12},"1":{"name":"asyncHandler","decl":{"start":{"line":105,"column":9},"end":{"line":105,"column":21}},"loc":{"start":{"line":105,"column":26},"end":{"line":109,"column":1}},"line":105},"2":{"name":"(anonymous_2)","decl":{"start":{"line":106,"column":9},"end":{"line":106,"column":10}},"loc":{"start":{"line":106,"column":29},"end":{"line":108,"column":3}},"line":106},"3":{"name":"notFoundHandler","decl":{"start":{"line":114,"column":9},"end":{"line":114,"column":24}},"loc":{"start":{"line":114,"column":41},"end":{"line":123,"column":1}},"line":114}},"branchMap":{"0":{"loc":{"start":{"line":24,"column":2},"end":{"line":33,"column":3}},"type":"if","locations":[{"start":{"line":24,"column":2},"end":{"line":33,"column":3}},{"start":{},"end":{}}],"line":24},"1":{"loc":{"start":{"line":29,"column":12},"end":{"line":29,"column":48}},"type":"binary-expr","locations":[{"start":{"line":29,"column":12},"end":{"line":29,"column":22}},{"start":{"line":29,"column":26},"end":{"line":29,"column":48}}],"line":29},"2":{"loc":{"start":{"line":30,"column":12},"end":{"line":30,"column":63}},"type":"binary-expr","locations":[{"start":{"line":30,"column":12},"end":{"line":30,"column":39}},{"start":{"line":30,"column":43},"end":{"line":30,"column":63}}],"line":30},"3":{"loc":{"start":{"line":36,"column":2},"end":{"line":45,"column":3}},"type":"if","locations":[{"start":{"line":36,"column":2},"end":{"line":45,"column":3}},{"start":{},"end":{}}],"line":36},"4":{"loc":{"start":{"line":36,"column":6},"end":{"line":36,"column":64}},"type":"binary-expr","locations":[{"start":{"line":36,"column":6},"end":{"line":36,"column":36}},{"start":{"line":36,"column":40},"end":{"line":36,"column":64}}],"line":36},"5":{"loc":{"start":{"line":42,"column":12},"end":{"line":42,"column":63}},"type":"binary-expr","locations":[{"start":{"line":42,"column":12},"end":{"line":42,"column":39}},{"start":{"line":42,"column":43},"end":{"line":42,"column":63}}],"line":42},"6":{"loc":{"start":{"line":48,"column":2},"end":{"line":56,"column":3}},"type":"if","locations":[{"start":{"line":48,"column":2},"end":{"line":56,"column":3}},{"start":{},"end":{}}],"line":48},"7":{"loc":{"start":{"line":53,"column":12},"end":{"line":53,"column":67}},"type":"binary-expr","locations":[{"start":{"line":53,"column":12},"end":{"line":53,"column":39}},{"start":{"line":53,"column":43},"end":{"line":53,"column":67}}],"line":53},"8":{"loc":{"start":{"line":58,"column":2},"end":{"line":66,"column":3}},"type":"if","locations":[{"start":{"line":58,"column":2},"end":{"line":66,"column":3}},{"start":{},"end":{}}],"line":58},"9":{"loc":{"start":{"line":63,"column":12},"end":{"line":63,"column":67}},"type":"binary-expr","locations":[{"start":{"line":63,"column":12},"end":{"line":63,"column":39}},{"start":{"line":63,"column":43},"end":{"line":63,"column":67}}],"line":63},"10":{"loc":{"start":{"line":69,"column":2},"end":{"line":77,"column":3}},"type":"if","locations":[{"start":{"line":69,"column":2},"end":{"line":77,"column":3}},{"start":{},"end":{}}],"line":69},"11":{"loc":{"start":{"line":80,"column":21},"end":{"line":80,"column":42}},"type":"binary-expr","locations":[{"start":{"line":80,"column":21},"end":{"line":80,"column":35}},{"start":{"line":80,"column":39},"end":{"line":80,"column":42}}],"line":80},"12":{"loc":{"start":{"line":81,"column":18},"end":{"line":83,"column":17}},"type":"cond-expr","locations":[{"start":{"line":82,"column":6},"end":{"line":82,"column":29}},{"start":{"line":83,"column":6},"end":{"line":83,"column":17}}],"line":81},"13":{"loc":{"start":{"line":93,"column":2},"end":{"line":96,"column":3}},"type":"if","locations":[{"start":{"line":93,"column":2},"end":{"line":96,"column":3}},{"start":{},"end":{}}],"line":93},"14":{"loc":{"start":{"line":115,"column":17},"end":{"line":115,"column":36}},"type":"binary-expr","locations":[{"start":{"line":115,"column":17},"end":{"line":115,"column":27}},{"start":{"line":115,"column":31},"end":{"line":115,"column":36}}],"line":115},"15":{"loc":{"start":{"line":116,"column":15},"end":{"line":116,"column":48}},"type":"binary-expr","locations":[{"start":{"line":116,"column":15},"end":{"line":116,"column":23}},{"start":{"line":116,"column":27},"end":{"line":116,"column":34}},{"start":{"line":116,"column":38},"end":{"line":116,"column":48}}],"line":116}},"s":{"0":6,"1":6,"2":6,"3":12,"4":12,"5":6,"6":6,"7":1,"8":5,"9":1,"10":4,"11":1,"12":3,"13":1,"14":2,"15":2,"16":2,"17":2,"18":1,"19":1,"20":2,"21":83,"22":23,"23":1,"24":1,"25":1,"26":6},"f":{"0":12,"1":83,"2":23,"3":1},"b":{"0":[6,6],"1":[6,2],"2":[6,0],"3":[1,5],"4":[6,5],"5":[1,0],"6":[1,4],"7":[1,0],"8":[1,3],"9":[1,0],"10":[1,2],"11":[2,1],"12":[0,2],"13":[1,1],"14":[1,0],"15":[1,1,0]},"_coverageSchema":"1a1c01bbd47fc00a2c39e90264f33305004495a9","hash":"0db093ebffd9c7f449206f12f2926a1d8b5be718"}
,"/root/zalo-pay/zalopay/backend/middleware/rateLimiter.js": {"path":"/root/zalo-pay/zalopay/backend/middleware/rateLimiter.js","statementMap":{"0":{"start":{"line":5,"column":18},"end":{"line":5,"column":47}},"1":{"start":{"line":6,"column":15},"end":{"line":6,"column":35}},"2":{"start":{"line":7,"column":27},"end":{"line":7,"column":53}},"3":{"start":{"line":12,"column":19},"end":{"line":23,"column":2}},"4":{"start":{"line":28,"column":22},"end":{"line":39,"column":2}},"5":{"start":{"line":46,"column":4},"end":{"line":46,"column":29}},"6":{"start":{"line":47,"column":4},"end":{"line":47,"column":35}},"7":{"start":{"line":48,"column":4},"end":{"line":48,"column":30}},"8":{"start":{"line":52,"column":16},"end":{"line":52,"column":26}},"9":{"start":{"line":53,"column":25},"end":{"line":53,"column":58}},"10":{"start":{"line":56,"column":26},"end":{"line":58,"column":5}},"11":{"start":{"line":57,"column":19},"end":{"line":57,"column":50}},"12":{"start":{"line":60,"column":4},"end":{"line":62,"column":5}},"13":{"start":{"line":61,"column":6},"end":{"line":61,"column":19}},"14":{"start":{"line":65,"column":4},"end":{"line":65,"column":28}},"15":{"start":{"line":66,"column":4},"end":{"line":66,"column":47}},"16":{"start":{"line":69,"column":4},"end":{"line":71,"column":5}},"17":{"start":{"line":70,"column":6},"end":{"line":70,"column":24}},"18":{"start":{"line":73,"column":4},"end":{"line":73,"column":16}},"19":{"start":{"line":77,"column":4},"end":{"line":87,"column":5}},"20":{"start":{"line":78,"column":28},"end":{"line":80,"column":7}},"21":{"start":{"line":79,"column":21},"end":{"line":79,"column":52}},"22":{"start":{"line":82,"column":6},"end":{"line":86,"column":7}},"23":{"start":{"line":83,"column":8},"end":{"line":83,"column":39}},"24":{"start":{"line":85,"column":8},"end":{"line":85,"column":51}},"25":{"start":{"line":91,"column":26},"end":{"line":94,"column":1}},"26":{"start":{"line":100,"column":19},"end":{"line":100,"column":28}},"27":{"start":{"line":102,"column":2},"end":{"line":104,"column":3}},"28":{"start":{"line":103,"column":4},"end":{"line":103,"column":57}},"29":{"start":{"line":106,"column":2},"end":{"line":106,"column":9}},"30":{"start":{"line":109,"column":0},"end":{"line":113,"column":2}}},"fnMap":{"0":{"name":"(anonymous_0)","decl":{"start":{"line":45,"column":2},"end":{"line":45,"column":3}},"loc":{"start":{"line":45,"column":37},"end":{"line":49,"column":3}},"line":45},"1":{"name":"(anonymous_1)","decl":{"start":{"line":51,"column":2},"end":{"line":51,"column":3}},"loc":{"start":{"line":51,"column":18},"end":{"line":74,"column":3}},"line":51},"2":{"name":"(anonymous_2)","decl":{"start":{"line":57,"column":6},"end":{"line":57,"column":7}},"loc":{"start":{"line":57,"column":19},"end":{"line":57,"column":50}},"line":57},"3":{"name":"(anonymous_3)","decl":{"start":{"line":76,"column":2},"end":{"line":76,"column":3}},"loc":{"start":{"line":76,"column":15},"end":{"line":88,"column":3}},"line":76},"4":{"name":"(anonymous_4)","decl":{"start":{"line":79,"column":8},"end":{"line":79,"column":9}},"loc":{"start":{"line":79,"column":21},"end":{"line":79,"column":52}},"line":79},"5":{"name":"socketRateLimit","decl":{"start":{"line":99,"column":9},"end":{"line":99,"column":24}},"loc":{"start":{"line":99,"column":39},"end":{"line":107,"column":1}},"line":99}},"branchMap":{"0":{"loc":{"start":{"line":53,"column":25},"end":{"line":53,"column":58}},"type":"binary-expr","locations":[{"start":{"line":53,"column":25},"end":{"line":53,"column":52}},{"start":{"line":53,"column":56},"end":{"line":53,"column":58}}],"line":53},"1":{"loc":{"start":{"line":60,"column":4},"end":{"line":62,"column":5}},"type":"if","locations":[{"start":{"line":60,"column":4},"end":{"line":62,"column":5}},{"start":{},"end":{}}],"line":60},"2":{"loc":{"start":{"line":69,"column":4},"end":{"line":71,"column":5}},"type":"if","locations":[{"start":{"line":69,"column":4},"end":{"line":71,"column":5}},{"start":{},"end":{}}],"line":69},"3":{"loc":{"start":{"line":82,"column":6},"end":{"line":86,"column":7}},"type":"if","locations":[{"start":{"line":82,"column":6},"end":{"line":86,"column":7}},{"start":{"line":84,"column":13},"end":{"line":86,"column":7}}],"line":82},"4":{"loc":{"start":{"line":102,"column":2},"end":{"line":104,"column":3}},"type":"if","locations":[{"start":{"line":102,"column":2},"end":{"line":104,"column":3}},{"start":{},"end":{}}],"line":102}},"s":{"0":1,"1":1,"2":1,"3":1,"4":1,"5":1,"6":1,"7":1,"8":202,"9":202,"10":202,"11":16860,"12":202,"13":81,"14":121,"15":121,"16":121,"17":1,"18":121,"19":1,"20":2,"21":11,"22":2,"23":0,"24":2,"25":1,"26":202,"27":202,"28":81,"29":121,"30":1},"f":{"0":1,"1":202,"2":16860,"3":1,"4":11,"5":202},"b":{"0":[202,2],"1":[81,121],"2":[1,120],"3":[0,2],"4":[81,121]},"_coverageSchema":"1a1c01bbd47fc00a2c39e90264f33305004495a9","hash":"5def50142cb83f5304eb0c8bc9272559bfea8aac"}
,"/root/zalo-pay/zalopay/backend/middleware/socketAuth.js": {"path":"/root/zalo-pay/zalopay/backend/middleware/socketAuth.js","statementMap":{"0":{"start":{"line":5,"column":12},"end":{"line":5,"column":35}},"1":{"start":{"line":6,"column":15},"end":{"line":6,"column":35}},"2":{"start":{"line":7,"column":15},"end":{"line":7,"column":41}},"3":{"start":{"line":13,"column":2},"end":{"line":41,"column":3}},"4":{"start":{"line":15,"column":18},"end":{"line":15,"column":79}},"5":{"start":{"line":17,"column":4},"end":{"line":23,"column":5}},"6":{"start":{"line":20,"column":6},"end":{"line":20,"column":67}},"7":{"start":{"line":21,"column":6},"end":{"line":21,"column":35}},"8":{"start":{"line":22,"column":6},"end":{"line":22,"column":20}},"9":{"start":{"line":26,"column":4},"end":{"line":36,"column":7}},"10":{"start":{"line":27,"column":6},"end":{"line":31,"column":7}},"11":{"start":{"line":28,"column":8},"end":{"line":28,"column":68}},"12":{"start":{"line":29,"column":8},"end":{"line":29,"column":37}},"13":{"start":{"line":30,"column":8},"end":{"line":30,"column":22}},"14":{"start":{"line":33,"column":6},"end":{"line":33,"column":28}},"15":{"start":{"line":34,"column":6},"end":{"line":34,"column":34}},"16":{"start":{"line":35,"column":6},"end":{"line":35,"column":13}},"17":{"start":{"line":38,"column":4},"end":{"line":38,"column":56}},"18":{"start":{"line":39,"column":4},"end":{"line":39,"column":33}},"19":{"start":{"line":40,"column":4},"end":{"line":40,"column":11}},"20":{"start":{"line":48,"column":2},"end":{"line":50,"column":3}},"21":{"start":{"line":49,"column":4},"end":{"line":49,"column":54}},"22":{"start":{"line":51,"column":2},"end":{"line":51,"column":9}},"23":{"start":{"line":54,"column":0},"end":{"line":57,"column":2}}},"fnMap":{"0":{"name":"socketAuth","decl":{"start":{"line":12,"column":9},"end":{"line":12,"column":19}},"loc":{"start":{"line":12,"column":34},"end":{"line":42,"column":1}},"line":12},"1":{"name":"(anonymous_1)","decl":{"start":{"line":26,"column":49},"end":{"line":26,"column":50}},"loc":{"start":{"line":26,"column":67},"end":{"line":36,"column":5}},"line":26},"2":{"name":"requireSocketAuth","decl":{"start":{"line":47,"column":9},"end":{"line":47,"column":26}},"loc":{"start":{"line":47,"column":41},"end":{"line":52,"column":1}},"line":47}},"branchMap":{"0":{"loc":{"start":{"line":15,"column":18},"end":{"line":15,"column":79}},"type":"binary-expr","locations":[{"start":{"line":15,"column":18},"end":{"line":15,"column":46}},{"start":{"line":15,"column":50},"end":{"line":15,"column":79}}],"line":15},"1":{"loc":{"start":{"line":17,"column":4},"end":{"line":23,"column":5}},"type":"if","locations":[{"start":{"line":17,"column":4},"end":{"line":23,"column":5}},{"start":{},"end":{}}],"line":17},"2":{"loc":{"start":{"line":27,"column":6},"end":{"line":31,"column":7}},"type":"if","locations":[{"start":{"line":27,"column":6},"end":{"line":31,"column":7}},{"start":{},"end":{}}],"line":27},"3":{"loc":{"start":{"line":48,"column":2},"end":{"line":50,"column":3}},"type":"if","locations":[{"start":{"line":48,"column":2},"end":{"line":50,"column":3}},{"start":{},"end":{}}],"line":48}},"s":{"0":1,"1":1,"2":1,"3":5,"4":5,"5":5,"6":1,"7":1,"8":1,"9":4,"10":4,"11":1,"12":1,"13":1,"14":3,"15":3,"16":3,"17":0,"18":0,"19":0,"20":2,"21":1,"22":1,"23":1},"f":{"0":5,"1":4,"2":2},"b":{"0":[5,2],"1":[1,4],"2":[1,3],"3":[1,1]},"_coverageSchema":"1a1c01bbd47fc00a2c39e90264f33305004495a9","hash":"8e15ac512f1381eef95b7bee19ec87d6a56ede4d"}
,"/root/zalo-pay/zalopay/backend/middleware/validators.js": {"path":"/root/zalo-pay/zalopay/backend/middleware/validators.js","statementMap":{"0":{"start":{"line":5,"column":29},"end":{"line":5,"column":57}},"1":{"start":{"line":6,"column":28},"end":{"line":6,"column":54}},"2":{"start":{"line":12,"column":17},"end":{"line":12,"column":38}},"3":{"start":{"line":14,"column":2},"end":{"line":16,"column":3}},"4":{"start":{"line":15,"column":4},"end":{"line":15,"column":67}},"5":{"start":{"line":18,"column":2},"end":{"line":18,"column":9}},"6":{"start":{"line":21,"column":0},"end":{"line":23,"column":2}}},"fnMap":{"0":{"name":"validateRequest","decl":{"start":{"line":11,"column":9},"end":{"line":11,"column":24}},"loc":{"start":{"line":11,"column":41},"end":{"line":19,"column":1}},"line":11}},"branchMap":{"0":{"loc":{"start":{"line":14,"column":2},"end":{"line":16,"column":3}},"type":"if","locations":[{"start":{"line":14,"column":2},"end":{"line":16,"column":3}},{"start":{},"end":{}}],"line":14}},"s":{"0":6,"1":6,"2":18,"3":18,"4":3,"5":15,"6":6},"f":{"0":18},"b":{"0":[3,15]},"_coverageSchema":"1a1c01bbd47fc00a2c39e90264f33305004495a9","hash":"717810e6cfebb4d02bbe32befac65592c0057338"}
,"/root/zalo-pay/zalopay/backend/repositories/deviceRepository.js": {"path":"/root/zalo-pay/zalopay/backend/repositories/deviceRepository.js","statementMap":{"0":{"start":{"line":5,"column":25},"end":{"line":5,"column":50}},"1":{"start":{"line":6,"column":15},"end":{"line":6,"column":41}},"2":{"start":{"line":7,"column":15},"end":{"line":7,"column":35}},"3":{"start":{"line":9,"column":24},"end":{"line":9,"column":67}},"4":{"start":{"line":13,"column":4},"end":{"line":13,"column":53}},"5":{"start":{"line":14,"column":4},"end":{"line":14,"column":28}},"6":{"start":{"line":15,"column":4},"end":{"line":15,"column":29}},"7":{"start":{"line":22,"column":4},"end":{"line":27,"column":5}},"8":{"start":{"line":23,"column":6},"end":{"line":23,"column":31}},"9":{"start":{"line":24,"column":6},"end":{"line":24,"column":31}},"10":{"start":{"line":25,"column":6},"end":{"line":25,"column":86}},"11":{"start":{"line":26,"column":6},"end":{"line":26,"column":13}},"12":{"start":{"line":29,"column":4},"end":{"line":37,"column":5}},"13":{"start":{"line":30,"column":6},"end":{"line":30,"column":44}},"14":{"start":{"line":31,"column":6},"end":{"line":31,"column":30}},"15":{"start":{"line":32,"column":6},"end":{"line":32,"column":63}},"16":{"start":{"line":34,"column":6},"end":{"line":34,"column":87}},"17":{"start":{"line":35,"column":6},"end":{"line":35,"column":31}},"18":{"start":{"line":36,"column":6},"end":{"line":36,"column":31}},"19":{"start":{"line":41,"column":4},"end":{"line":41,"column":29}},"20":{"start":{"line":41,"column":17},"end":{"line":41,"column":29}},"21":{"start":{"line":42,"column":4},"end":{"line":60,"column":6}},"22":{"start":{"line":64,"column":4},"end":{"line":64,"column":41}},"23":{"start":{"line":64,"column":25},"end":{"line":64,"column":41}},"24":{"start":{"line":65,"column":4},"end":{"line":65,"column":43}},"25":{"start":{"line":65,"column":26},"end":{"line":65,"column":43}},"26":{"start":{"line":66,"column":4},"end":{"line":66,"column":25}},"27":{"start":{"line":74,"column":4},"end":{"line":103,"column":5}},"28":{"start":{"line":75,"column":6},"end":{"line":99,"column":7}},"29":{"start":{"line":76,"column":22},"end":{"line":76,"column":24}},"30":{"start":{"line":77,"column":8},"end":{"line":79,"column":9}},"31":{"start":{"line":78,"column":10},"end":{"line":78,"column":44}},"32":{"start":{"line":80,"column":8},"end":{"line":82,"column":9}},"33":{"start":{"line":81,"column":10},"end":{"line":81,"column":70}},"34":{"start":{"line":84,"column":24},"end":{"line":87,"column":10}},"35":{"start":{"line":89,"column":8},"end":{"line":89,"column":63}},"36":{"start":{"line":89,"column":39},"end":{"line":89,"column":61}},"37":{"start":{"line":91,"column":22},"end":{"line":91,"column":55}},"38":{"start":{"line":92,"column":8},"end":{"line":94,"column":9}},"39":{"start":{"line":93,"column":10},"end":{"line":93,"column":88}},"40":{"start":{"line":93,"column":40},"end":{"line":93,"column":86}},"41":{"start":{"line":95,"column":8},"end":{"line":97,"column":9}},"42":{"start":{"line":96,"column":10},"end":{"line":96,"column":69}},"43":{"start":{"line":96,"column":40},"end":{"line":96,"column":67}},"44":{"start":{"line":98,"column":8},"end":{"line":98,"column":23}},"45":{"start":{"line":101,"column":6},"end":{"line":101,"column":56}},"46":{"start":{"line":102,"column":6},"end":{"line":102,"column":18}},"47":{"start":{"line":110,"column":4},"end":{"line":122,"column":5}},"48":{"start":{"line":111,"column":6},"end":{"line":116,"column":7}},"49":{"start":{"line":112,"column":23},"end":{"line":114,"column":10}},"50":{"start":{"line":115,"column":8},"end":{"line":115,"column":38}},"51":{"start":{"line":118,"column":6},"end":{"line":118,"column":48}},"52":{"start":{"line":120,"column":6},"end":{"line":120,"column":63}},"53":{"start":{"line":121,"column":6},"end":{"line":121,"column":18}},"54":{"start":{"line":129,"column":4},"end":{"line":188,"column":5}},"55":{"start":{"line":130,"column":6},"end":{"line":170,"column":7}},"56":{"start":{"line":131,"column":20},"end":{"line":131,"column":30}},"57":{"start":{"line":132,"column":23},"end":{"line":132,"column":101}},"58":{"start":{"line":133,"column":24},"end":{"line":148,"column":9}},"59":{"start":{"line":150,"column":23},"end":{"line":167,"column":10}},"60":{"start":{"line":169,"column":8},"end":{"line":169,"column":38}},"61":{"start":{"line":172,"column":21},"end":{"line":182,"column":7}},"62":{"start":{"line":183,"column":6},"end":{"line":183,"column":46}},"63":{"start":{"line":184,"column":6},"end":{"line":184,"column":45}},"64":{"start":{"line":186,"column":6},"end":{"line":186,"column":69}},"65":{"start":{"line":187,"column":6},"end":{"line":187,"column":18}},"66":{"start":{"line":195,"column":4},"end":{"line":248,"column":5}},"67":{"start":{"line":196,"column":6},"end":{"line":225,"column":7}},"68":{"start":{"line":197,"column":25},"end":{"line":199,"column":10}},"69":{"start":{"line":200,"column":8},"end":{"line":202,"column":9}},"70":{"start":{"line":201,"column":10},"end":{"line":201,"column":22}},"71":{"start":{"line":204,"column":24},"end":{"line":217,"column":9}},"72":{"start":{"line":219,"column":23},"end":{"line":222,"column":10}},"73":{"start":{"line":224,"column":8},"end":{"line":224,"column":38}},"74":{"start":{"line":227,"column":23},"end":{"line":227,"column":49}},"75":{"start":{"line":228,"column":6},"end":{"line":230,"column":7}},"76":{"start":{"line":229,"column":8},"end":{"line":229,"column":20}},"77":{"start":{"line":232,"column":22},"end":{"line":242,"column":7}},"78":{"start":{"line":243,"column":6},"end":{"line":243,"column":42}},"79":{"start":{"line":244,"column":6},"end":{"line":244,"column":21}},"80":{"start":{"line":246,"column":6},"end":{"line":246,"column":64}},"81":{"start":{"line":247,"column":6},"end":{"line":247,"column":18}},"82":{"start":{"line":255,"column":4},"end":{"line":274,"column":5}},"83":{"start":{"line":256,"column":6},"end":{"line":268,"column":7}},"84":{"start":{"line":257,"column":8},"end":{"line":267,"column":9}},"85":{"start":{"line":258,"column":10},"end":{"line":260,"column":13}},"86":{"start":{"line":261,"column":10},"end":{"line":261,"column":22}},"87":{"start":{"line":263,"column":10},"end":{"line":265,"column":11}},"88":{"start":{"line":264,"column":12},"end":{"line":264,"column":25}},"89":{"start":{"line":266,"column":10},"end":{"line":266,"column":22}},"90":{"start":{"line":270,"column":6},"end":{"line":270,"column":43}},"91":{"start":{"line":272,"column":6},"end":{"line":272,"column":64}},"92":{"start":{"line":273,"column":6},"end":{"line":273,"column":18}},"93":{"start":{"line":281,"column":4},"end":{"line":294,"column":5}},"94":{"start":{"line":282,"column":6},"end":{"line":288,"column":7}},"95":{"start":{"line":283,"column":23},"end":{"line":286,"column":10}},"96":{"start":{"line":287,"column":8},"end":{"line":287,"column":24}},"97":{"start":{"line":290,"column":6},"end":{"line":290,"column":40}},"98":{"start":{"line":292,"column":6},"end":{"line":292,"column":74}},"99":{"start":{"line":293,"column":6},"end":{"line":293,"column":19}},"100":{"start":{"line":298,"column":0},"end":{"line":298,"column":34}}},"fnMap":{"0":{"name":"(anonymous_0)","decl":{"start":{"line":12,"column":2},"end":{"line":12,"column":3}},"loc":{"start":{"line":12,"column":28},"end":{"line":16,"column":3}},"line":12},"1":{"name":"(anonymous_1)","decl":{"start":{"line":21,"column":2},"end":{"line":21,"column":3}},"loc":{"start":{"line":21,"column":15},"end":{"line":38,"column":3}},"line":21},"2":{"name":"(anonymous_2)","decl":{"start":{"line":40,"column":2},"end":{"line":40,"column":3}},"loc":{"start":{"line":40,"column":20},"end":{"line":61,"column":3}},"line":40},"3":{"name":"(anonymous_3)","decl":{"start":{"line":63,"column":2},"end":{"line":63,"column":3}},"loc":{"start":{"line":63,"column":61},"end":{"line":67,"column":3}},"line":63},"4":{"name":"(anonymous_4)","decl":{"start":{"line":73,"column":2},"end":{"line":73,"column":3}},"loc":{"start":{"line":73,"column":30},"end":{"line":104,"column":3}},"line":73},"5":{"name":"(anonymous_5)","decl":{"start":{"line":89,"column":27},"end":{"line":89,"column":28}},"loc":{"start":{"line":89,"column":39},"end":{"line":89,"column":61}},"line":89},"6":{"name":"(anonymous_6)","decl":{"start":{"line":93,"column":35},"end":{"line":93,"column":36}},"loc":{"start":{"line":93,"column":40},"end":{"line":93,"column":86}},"line":93},"7":{"name":"(anonymous_7)","decl":{"start":{"line":96,"column":35},"end":{"line":96,"column":36}},"loc":{"start":{"line":96,"column":40},"end":{"line":96,"column":67}},"line":96},"8":{"name":"(anonymous_8)","decl":{"start":{"line":109,"column":2},"end":{"line":109,"column":3}},"loc":{"start":{"line":109,"column":27},"end":{"line":123,"column":3}},"line":109},"9":{"name":"(anonymous_9)","decl":{"start":{"line":128,"column":2},"end":{"line":128,"column":3}},"loc":{"start":{"line":128,"column":27},"end":{"line":189,"column":3}},"line":128},"10":{"name":"(anonymous_10)","decl":{"start":{"line":194,"column":2},"end":{"line":194,"column":3}},"loc":{"start":{"line":194,"column":37},"end":{"line":249,"column":3}},"line":194},"11":{"name":"(anonymous_11)","decl":{"start":{"line":254,"column":2},"end":{"line":254,"column":3}},"loc":{"start":{"line":254,"column":25},"end":{"line":275,"column":3}},"line":254},"12":{"name":"(anonymous_12)","decl":{"start":{"line":280,"column":2},"end":{"line":280,"column":3}},"loc":{"start":{"line":280,"column":25},"end":{"line":295,"column":3}},"line":280}},"branchMap":{"0":{"loc":{"start":{"line":13,"column":18},"end":{"line":13,"column":52}},"type":"binary-expr","locations":[{"start":{"line":13,"column":18},"end":{"line":13,"column":30}},{"start":{"line":13,"column":34},"end":{"line":13,"column":52}}],"line":13},"1":{"loc":{"start":{"line":22,"column":4},"end":{"line":27,"column":5}},"type":"if","locations":[{"start":{"line":22,"column":4},"end":{"line":27,"column":5}},{"start":{},"end":{}}],"line":22},"2":{"loc":{"start":{"line":41,"column":4},"end":{"line":41,"column":29}},"type":"if","locations":[{"start":{"line":41,"column":4},"end":{"line":41,"column":29}},{"start":{},"end":{}}],"line":41},"3":{"loc":{"start":{"line":50,"column":19},"end":{"line":50,"column":79}},"type":"cond-expr","locations":[{"start":{"line":50,"column":40},"end":{"line":50,"column":72}},{"start":{"line":50,"column":75},"end":{"line":50,"column":79}}],"line":50},"4":{"loc":{"start":{"line":51,"column":16},"end":{"line":51,"column":70}},"type":"cond-expr","locations":[{"start":{"line":51,"column":34},"end":{"line":51,"column":63}},{"start":{"line":51,"column":66},"end":{"line":51,"column":70}}],"line":51},"5":{"loc":{"start":{"line":52,"column":23},"end":{"line":52,"column":89}},"type":"cond-expr","locations":[{"start":{"line":52,"column":47},"end":{"line":52,"column":82}},{"start":{"line":52,"column":85},"end":{"line":52,"column":89}}],"line":52},"6":{"loc":{"start":{"line":58,"column":17},"end":{"line":58,"column":73}},"type":"cond-expr","locations":[{"start":{"line":58,"column":36},"end":{"line":58,"column":66}},{"start":{"line":58,"column":69},"end":{"line":58,"column":73}}],"line":58},"7":{"loc":{"start":{"line":59,"column":17},"end":{"line":59,"column":73}},"type":"cond-expr","locations":[{"start":{"line":59,"column":36},"end":{"line":59,"column":66}},{"start":{"line":59,"column":69},"end":{"line":59,"column":73}}],"line":59},"8":{"loc":{"start":{"line":63,"column":34},"end":{"line":63,"column":59}},"type":"default-arg","locations":[{"start":{"line":63,"column":50},"end":{"line":63,"column":59}}],"line":63},"9":{"loc":{"start":{"line":64,"column":4},"end":{"line":64,"column":41}},"type":"if","locations":[{"start":{"line":64,"column":4},"end":{"line":64,"column":41}},{"start":{},"end":{}}],"line":64},"10":{"loc":{"start":{"line":65,"column":4},"end":{"line":65,"column":43}},"type":"if","locations":[{"start":{"line":65,"column":4},"end":{"line":65,"column":43}},{"start":{},"end":{}}],"line":65},"11":{"loc":{"start":{"line":73,"column":16},"end":{"line":73,"column":28}},"type":"default-arg","locations":[{"start":{"line":73,"column":26},"end":{"line":73,"column":28}}],"line":73},"12":{"loc":{"start":{"line":75,"column":6},"end":{"line":99,"column":7}},"type":"if","locations":[{"start":{"line":75,"column":6},"end":{"line":99,"column":7}},{"start":{"line":90,"column":13},"end":{"line":99,"column":7}}],"line":75},"13":{"loc":{"start":{"line":77,"column":8},"end":{"line":79,"column":9}},"type":"if","locations":[{"start":{"line":77,"column":8},"end":{"line":79,"column":9}},{"start":{},"end":{}}],"line":77},"14":{"loc":{"start":{"line":80,"column":8},"end":{"line":82,"column":9}},"type":"if","locations":[{"start":{"line":80,"column":8},"end":{"line":82,"column":9}},{"start":{},"end":{}}],"line":80},"15":{"loc":{"start":{"line":92,"column":8},"end":{"line":94,"column":9}},"type":"if","locations":[{"start":{"line":92,"column":8},"end":{"line":94,"column":9}},{"start":{},"end":{}}],"line":92},"16":{"loc":{"start":{"line":93,"column":41},"end":{"line":93,"column":64}},"type":"binary-expr","locations":[{"start":{"line":93,"column":41},"end":{"line":93,"column":51}},{"start":{"line":93,"column":55},"end":{"line":93,"column":64}}],"line":93},"17":{"loc":{"start":{"line":95,"column":8},"end":{"line":97,"column":9}},"type":"if","locations":[{"start":{"line":95,"column":8},"end":{"line":97,"column":9}},{"start":{},"end":{}}],"line":95},"18":{"loc":{"start":{"line":111,"column":6},"end":{"line":116,"column":7}},"type":"if","locations":[{"start":{"line":111,"column":6},"end":{"line":116,"column":7}},{"start":{},"end":{}}],"line":111},"19":{"loc":{"start":{"line":118,"column":13},"end":{"line":118,"column":47}},"type":"binary-expr","locations":[{"start":{"line":118,"column":13},"end":{"line":118,"column":39}},{"start":{"line":118,"column":43},"end":{"line":118,"column":47}}],"line":118},"20":{"loc":{"start":{"line":130,"column":6},"end":{"line":170,"column":7}},"type":"if","locations":[{"start":{"line":130,"column":6},"end":{"line":170,"column":7}},{"start":{},"end":{}}],"line":130},"21":{"loc":{"start":{"line":132,"column":23},"end":{"line":132,"column":101}},"type":"binary-expr","locations":[{"start":{"line":132,"column":23},"end":{"line":132,"column":40}},{"start":{"line":132,"column":44},"end":{"line":132,"column":101}}],"line":132},"22":{"loc":{"start":{"line":135,"column":20},"end":{"line":135,"column":56}},"type":"binary-expr","locations":[{"start":{"line":135,"column":20},"end":{"line":135,"column":39}},{"start":{"line":135,"column":43},"end":{"line":135,"column":56}}],"line":135},"23":{"loc":{"start":{"line":136,"column":20},"end":{"line":136,"column":66}},"type":"binary-expr","locations":[{"start":{"line":136,"column":20},"end":{"line":136,"column":39}},{"start":{"line":136,"column":43},"end":{"line":136,"column":66}}],"line":136},"24":{"loc":{"start":{"line":137,"column":27},"end":{"line":137,"column":61}},"type":"binary-expr","locations":[{"start":{"line":137,"column":27},"end":{"line":137,"column":53}},{"start":{"line":137,"column":57},"end":{"line":137,"column":61}}],"line":137},"25":{"loc":{"start":{"line":138,"column":17},"end":{"line":138,"column":41}},"type":"binary-expr","locations":[{"start":{"line":138,"column":17},"end":{"line":138,"column":33}},{"start":{"line":138,"column":37},"end":{"line":138,"column":41}}],"line":138},"26":{"loc":{"start":{"line":139,"column":19},"end":{"line":139,"column":45}},"type":"binary-expr","locations":[{"start":{"line":139,"column":19},"end":{"line":139,"column":37}},{"start":{"line":139,"column":41},"end":{"line":139,"column":45}}],"line":139},"27":{"loc":{"start":{"line":140,"column":21},"end":{"line":140,"column":66}},"type":"binary-expr","locations":[{"start":{"line":140,"column":21},"end":{"line":140,"column":34}},{"start":{"line":140,"column":38},"end":{"line":140,"column":58}},{"start":{"line":140,"column":62},"end":{"line":140,"column":66}}],"line":140},"28":{"loc":{"start":{"line":141,"column":23},"end":{"line":141,"column":86}},"type":"cond-expr","locations":[{"start":{"line":141,"column":48},"end":{"line":141,"column":80}},{"start":{"line":141,"column":83},"end":{"line":141,"column":86}}],"line":141},"29":{"loc":{"start":{"line":142,"column":20},"end":{"line":142,"column":77}},"type":"cond-expr","locations":[{"start":{"line":142,"column":42},"end":{"line":142,"column":71}},{"start":{"line":142,"column":74},"end":{"line":142,"column":77}}],"line":142},"30":{"loc":{"start":{"line":143,"column":26},"end":{"line":143,"column":96}},"type":"cond-expr","locations":[{"start":{"line":143,"column":54},"end":{"line":143,"column":89}},{"start":{"line":143,"column":92},"end":{"line":143,"column":96}}],"line":143},"31":{"loc":{"start":{"line":145,"column":20},"end":{"line":145,"column":45}},"type":"binary-expr","locations":[{"start":{"line":145,"column":20},"end":{"line":145,"column":39}},{"start":{"line":145,"column":43},"end":{"line":145,"column":45}}],"line":145},"32":{"loc":{"start":{"line":146,"column":29},"end":{"line":146,"column":63}},"type":"binary-expr","locations":[{"start":{"line":146,"column":29},"end":{"line":146,"column":57}},{"start":{"line":146,"column":61},"end":{"line":146,"column":63}}],"line":146},"33":{"loc":{"start":{"line":147,"column":27},"end":{"line":147,"column":59}},"type":"binary-expr","locations":[{"start":{"line":147,"column":27},"end":{"line":147,"column":53}},{"start":{"line":147,"column":57},"end":{"line":147,"column":59}}],"line":147},"34":{"loc":{"start":{"line":174,"column":18},"end":{"line":174,"column":64}},"type":"binary-expr","locations":[{"start":{"line":174,"column":18},"end":{"line":174,"column":37}},{"start":{"line":174,"column":41},"end":{"line":174,"column":64}}],"line":174},"35":{"loc":{"start":{"line":175,"column":25},"end":{"line":175,"column":59}},"type":"binary-expr","locations":[{"start":{"line":175,"column":25},"end":{"line":175,"column":51}},{"start":{"line":175,"column":55},"end":{"line":175,"column":59}}],"line":175},"36":{"loc":{"start":{"line":176,"column":16},"end":{"line":176,"column":41}},"type":"binary-expr","locations":[{"start":{"line":176,"column":16},"end":{"line":176,"column":33}},{"start":{"line":176,"column":37},"end":{"line":176,"column":41}}],"line":176},"37":{"loc":{"start":{"line":178,"column":18},"end":{"line":178,"column":65}},"type":"binary-expr","locations":[{"start":{"line":178,"column":18},"end":{"line":178,"column":37}},{"start":{"line":178,"column":41},"end":{"line":178,"column":65}}],"line":178},"38":{"loc":{"start":{"line":179,"column":24},"end":{"line":179,"column":57}},"type":"binary-expr","locations":[{"start":{"line":179,"column":24},"end":{"line":179,"column":49}},{"start":{"line":179,"column":53},"end":{"line":179,"column":57}}],"line":179},"39":{"loc":{"start":{"line":196,"column":6},"end":{"line":225,"column":7}},"type":"if","locations":[{"start":{"line":196,"column":6},"end":{"line":225,"column":7}},{"start":{},"end":{}}],"line":196},"40":{"loc":{"start":{"line":200,"column":8},"end":{"line":202,"column":9}},"type":"if","locations":[{"start":{"line":200,"column":8},"end":{"line":202,"column":9}},{"start":{},"end":{}}],"line":200},"41":{"loc":{"start":{"line":205,"column":17},"end":{"line":205,"column":51}},"type":"binary-expr","locations":[{"start":{"line":205,"column":17},"end":{"line":205,"column":33}},{"start":{"line":205,"column":37},"end":{"line":205,"column":51}}],"line":205},"42":{"loc":{"start":{"line":206,"column":19},"end":{"line":206,"column":57}},"type":"binary-expr","locations":[{"start":{"line":206,"column":19},"end":{"line":206,"column":37}},{"start":{"line":206,"column":41},"end":{"line":206,"column":57}}],"line":206},"43":{"loc":{"start":{"line":207,"column":21},"end":{"line":207,"column":80}},"type":"binary-expr","locations":[{"start":{"line":207,"column":21},"end":{"line":207,"column":34}},{"start":{"line":207,"column":38},"end":{"line":207,"column":58}},{"start":{"line":207,"column":62},"end":{"line":207,"column":80}}],"line":207},"44":{"loc":{"start":{"line":208,"column":20},"end":{"line":208,"column":60}},"type":"binary-expr","locations":[{"start":{"line":208,"column":20},"end":{"line":208,"column":39}},{"start":{"line":208,"column":43},"end":{"line":208,"column":60}}],"line":208},"45":{"loc":{"start":{"line":209,"column":27},"end":{"line":209,"column":81}},"type":"binary-expr","locations":[{"start":{"line":209,"column":27},"end":{"line":209,"column":53}},{"start":{"line":209,"column":57},"end":{"line":209,"column":81}}],"line":209},"46":{"loc":{"start":{"line":210,"column":23},"end":{"line":210,"column":103}},"type":"cond-expr","locations":[{"start":{"line":210,"column":48},"end":{"line":210,"column":80}},{"start":{"line":210,"column":83},"end":{"line":210,"column":103}}],"line":210},"47":{"loc":{"start":{"line":211,"column":20},"end":{"line":211,"column":91}},"type":"cond-expr","locations":[{"start":{"line":211,"column":42},"end":{"line":211,"column":71}},{"start":{"line":211,"column":74},"end":{"line":211,"column":91}}],"line":211},"48":{"loc":{"start":{"line":212,"column":26},"end":{"line":212,"column":115}},"type":"cond-expr","locations":[{"start":{"line":212,"column":54},"end":{"line":212,"column":89}},{"start":{"line":212,"column":92},"end":{"line":212,"column":115}}],"line":212},"49":{"loc":{"start":{"line":213,"column":18},"end":{"line":213,"column":103}},"type":"binary-expr","locations":[{"start":{"line":213,"column":18},"end":{"line":213,"column":35}},{"start":{"line":213,"column":39},"end":{"line":213,"column":103}}],"line":213},"50":{"loc":{"start":{"line":214,"column":20},"end":{"line":214,"column":60}},"type":"binary-expr","locations":[{"start":{"line":214,"column":20},"end":{"line":214,"column":39}},{"start":{"line":214,"column":43},"end":{"line":214,"column":60}}],"line":214},"51":{"loc":{"start":{"line":215,"column":29},"end":{"line":215,"column":87}},"type":"binary-expr","locations":[{"start":{"line":215,"column":29},"end":{"line":215,"column":57}},{"start":{"line":215,"column":61},"end":{"line":215,"column":87}}],"line":215},"52":{"loc":{"start":{"line":216,"column":27},"end":{"line":216,"column":81}},"type":"binary-expr","locations":[{"start":{"line":216,"column":27},"end":{"line":216,"column":53}},{"start":{"line":216,"column":57},"end":{"line":216,"column":81}}],"line":216},"53":{"loc":{"start":{"line":228,"column":6},"end":{"line":230,"column":7}},"type":"if","locations":[{"start":{"line":228,"column":6},"end":{"line":230,"column":7}},{"start":{},"end":{}}],"line":228},"54":{"loc":{"start":{"line":235,"column":18},"end":{"line":235,"column":85}},"type":"binary-expr","locations":[{"start":{"line":235,"column":18},"end":{"line":235,"column":37}},{"start":{"line":235,"column":41},"end":{"line":235,"column":58}},{"start":{"line":235,"column":62},"end":{"line":235,"column":85}}],"line":235},"55":{"loc":{"start":{"line":236,"column":25},"end":{"line":236,"column":87}},"type":"binary-expr","locations":[{"start":{"line":236,"column":25},"end":{"line":236,"column":51}},{"start":{"line":236,"column":55},"end":{"line":236,"column":79}},{"start":{"line":236,"column":83},"end":{"line":236,"column":87}}],"line":236},"56":{"loc":{"start":{"line":237,"column":16},"end":{"line":237,"column":101}},"type":"binary-expr","locations":[{"start":{"line":237,"column":16},"end":{"line":237,"column":33}},{"start":{"line":237,"column":37},"end":{"line":237,"column":101}}],"line":237},"57":{"loc":{"start":{"line":238,"column":16},"end":{"line":238,"column":67}},"type":"binary-expr","locations":[{"start":{"line":238,"column":16},"end":{"line":238,"column":33}},{"start":{"line":238,"column":38},"end":{"line":238,"column":66}}],"line":238},"58":{"loc":{"start":{"line":239,"column":24},"end":{"line":239,"column":84}},"type":"binary-expr","locations":[{"start":{"line":239,"column":24},"end":{"line":239,"column":49}},{"start":{"line":239,"column":53},"end":{"line":239,"column":76}},{"start":{"line":239,"column":80},"end":{"line":239,"column":84}}],"line":239},"59":{"loc":{"start":{"line":240,"column":18},"end":{"line":240,"column":86}},"type":"binary-expr","locations":[{"start":{"line":240,"column":18},"end":{"line":240,"column":37}},{"start":{"line":240,"column":41},"end":{"line":240,"column":58}},{"start":{"line":240,"column":62},"end":{"line":240,"column":86}}],"line":240},"60":{"loc":{"start":{"line":256,"column":6},"end":{"line":268,"column":7}},"type":"if","locations":[{"start":{"line":256,"column":6},"end":{"line":268,"column":7}},{"start":{},"end":{}}],"line":256},"61":{"loc":{"start":{"line":263,"column":10},"end":{"line":265,"column":11}},"type":"if","locations":[{"start":{"line":263,"column":10},"end":{"line":265,"column":11}},{"start":{},"end":{}}],"line":263},"62":{"loc":{"start":{"line":282,"column":6},"end":{"line":288,"column":7}},"type":"if","locations":[{"start":{"line":282,"column":6},"end":{"line":288,"column":7}},{"start":{},"end":{}}],"line":282}},"s":{"0":11,"1":11,"2":11,"3":11,"4":66,"5":66,"6":66,"7":66,"8":66,"9":66,"10":66,"11":66,"12":0,"13":0,"14":0,"15":0,"16":0,"17":0,"18":0,"19":0,"20":0,"21":0,"22":61,"23":40,"24":21,"25":5,"26":16,"27":17,"28":17,"29":0,"30":0,"31":0,"32":0,"33":0,"34":0,"35":0,"36":0,"37":17,"38":17,"39":6,"40":14,"41":17,"42":3,"43":6,"44":17,"45":0,"46":0,"47":29,"48":29,"49":0,"50":0,"51":29,"52":0,"53":0,"54":52,"55":52,"56":0,"57":0,"58":0,"59":0,"60":0,"61":52,"62":52,"63":52,"64":0,"65":0,"66":10,"67":10,"68":0,"69":0,"70":0,"71":0,"72":0,"73":0,"74":10,"75":10,"76":1,"77":9,"78":9,"79":9,"80":0,"81":0,"82":5,"83":5,"84":0,"85":0,"86":0,"87":0,"88":0,"89":0,"90":5,"91":0,"92":0,"93":2,"94":2,"95":0,"96":0,"97":2,"98":0,"99":0,"100":11},"f":{"0":66,"1":66,"2":0,"3":61,"4":17,"5":0,"6":14,"7":6,"8":29,"9":52,"10":10,"11":5,"12":2},"b":{"0":[66,66],"1":[66,0],"2":[0,0],"3":[0,0],"4":[0,0],"5":[0,0],"6":[0,0],"7":[0,0],"8":[0],"9":[40,21],"10":[5,16],"11":[4],"12":[0,17],"13":[0,0],"14":[0,0],"15":[6,11],"16":[14,0],"17":[3,14],"18":[0,29],"19":[29,15],"20":[0,52],"21":[0,0],"22":[0,0],"23":[0,0],"24":[0,0],"25":[0,0],"26":[0,0],"27":[0,0,0],"28":[0,0],"29":[0,0],"30":[0,0],"31":[0,0],"32":[0,0],"33":[0,0],"34":[52,1],"35":[52,46],"36":[52,12],"37":[52,52],"38":[52,52],"39":[0,10],"40":[0,0],"41":[0,0],"42":[0,0],"43":[0,0,0],"44":[0,0],"45":[0,0],"46":[0,0],"47":[0,0],"48":[0,0],"49":[0,0],"50":[0,0],"51":[0,0],"52":[0,0],"53":[1,9],"54":[9,7,0],"55":[9,9,7],"56":[9,9],"57":[9,4],"58":[9,7,7],"59":[9,9,0],"60":[0,5],"61":[0,0],"62":[0,2]},"_coverageSchema":"1a1c01bbd47fc00a2c39e90264f33305004495a9","hash":"a14ff6d5188d61742f865efa413b0e3daa683f90"}
,"/root/zalo-pay/zalopay/backend/routes/health.js": {"path":"/root/zalo-pay/zalopay/backend/routes/health.js","statementMap":{"0":{"start":{"line":5,"column":16},"end":{"line":5,"column":34}},"1":{"start":{"line":6,"column":15},"end":{"line":6,"column":31}},"2":{"start":{"line":7,"column":25},"end":{"line":7,"column":62}},"3":{"start":{"line":8,"column":15},"end":{"line":8,"column":41}},"4":{"start":{"line":9,"column":16},"end":{"line":9,"column":43}},"5":{"start":{"line":10,"column":15},"end":{"line":10,"column":35}},"6":{"start":{"line":11,"column":39},"end":{"line":11,"column":68}},"7":{"start":{"line":13,"column":18},"end":{"line":13,"column":28}},"8":{"start":{"line":19,"column":0},"end":{"line":30,"column":2}},"9":{"start":{"line":22,"column":19},"end":{"line":22,"column":62}},"10":{"start":{"line":24,"column":4},"end":{"line":28,"column":7}},"11":{"start":{"line":36,"column":0},"end":{"line":62,"column":2}},"12":{"start":{"line":39,"column":19},"end":{"line":39,"column":62}},"13":{"start":{"line":40,"column":24},"end":{"line":40,"column":45}},"14":{"start":{"line":42,"column":4},"end":{"line":60,"column":7}},"15":{"start":{"line":68,"column":0},"end":{"line":78,"column":2}},"16":{"start":{"line":71,"column":26},"end":{"line":71,"column":46}},"17":{"start":{"line":73,"column":4},"end":{"line":76,"column":7}},"18":{"start":{"line":80,"column":0},"end":{"line":80,"column":24}}},"fnMap":{"0":{"name":"(anonymous_0)","decl":{"start":{"line":21,"column":15},"end":{"line":21,"column":16}},"loc":{"start":{"line":21,"column":35},"end":{"line":29,"column":3}},"line":21},"1":{"name":"(anonymous_1)","decl":{"start":{"line":38,"column":15},"end":{"line":38,"column":16}},"loc":{"start":{"line":38,"column":35},"end":{"line":61,"column":3}},"line":38},"2":{"name":"(anonymous_2)","decl":{"start":{"line":70,"column":15},"end":{"line":70,"column":16}},"loc":{"start":{"line":70,"column":35},"end":{"line":77,"column":3}},"line":70}},"branchMap":{},"s":{"0":5,"1":5,"2":5,"3":5,"4":5,"5":5,"6":5,"7":5,"8":5,"9":1,"10":1,"11":5,"12":1,"13":1,"14":1,"15":5,"16":1,"17":1,"18":5},"f":{"0":1,"1":1,"2":1},"b":{},"_coverageSchema":"1a1c01bbd47fc00a2c39e90264f33305004495a9","hash":"04524dcd8c33b3276cb991d73f7cfce5bbc3e817"}
,"/root/zalo-pay/zalopay/backend/routes/uploads.js": {"path":"/root/zalo-pay/zalopay/backend/routes/uploads.js","statementMap":{"0":{"start":{"line":5,"column":16},"end":{"line":5,"column":34}},"1":{"start":{"line":6,"column":15},"end":{"line":6,"column":31}},"2":{"start":{"line":7,"column":15},"end":{"line":7,"column":32}},"3":{"start":{"line":8,"column":13},"end":{"line":8,"column":28}},"4":{"start":{"line":9,"column":11},"end":{"line":9,"column":24}},"5":{"start":{"line":10,"column":25},"end":{"line":10,"column":62}},"6":{"start":{"line":11,"column":15},"end":{"line":11,"column":35}},"7":{"start":{"line":12,"column":15},"end":{"line":12,"column":41}},"8":{"start":{"line":15,"column":0},"end":{"line":17,"column":1}},"9":{"start":{"line":16,"column":2},"end":{"line":16,"column":61}},"10":{"start":{"line":20,"column":16},"end":{"line":30,"column":2}},"11":{"start":{"line":22,"column":4},"end":{"line":22,"column":38}},"12":{"start":{"line":25,"column":24},"end":{"line":25,"column":54}},"13":{"start":{"line":26,"column":22},"end":{"line":26,"column":32}},"14":{"start":{"line":27,"column":27},"end":{"line":27,"column":68}},"15":{"start":{"line":28,"column":4},"end":{"line":28,"column":68}},"16":{"start":{"line":32,"column":17},"end":{"line":37,"column":2}},"17":{"start":{"line":43,"column":0},"end":{"line":100,"column":2}},"18":{"start":{"line":47,"column":4},"end":{"line":54,"column":5}},"19":{"start":{"line":48,"column":6},"end":{"line":53,"column":9}},"20":{"start":{"line":56,"column":21},"end":{"line":56,"column":38}},"21":{"start":{"line":57,"column":24},"end":{"line":57,"column":54}},"22":{"start":{"line":58,"column":21},"end":{"line":58,"column":43}},"23":{"start":{"line":61,"column":26},"end":{"line":61,"column":54}},"24":{"start":{"line":62,"column":29},"end":{"line":62,"column":60}},"25":{"start":{"line":63,"column":33},"end":{"line":63,"column":68}},"26":{"start":{"line":65,"column":25},"end":{"line":65,"column":29}},"27":{"start":{"line":66,"column":20},"end":{"line":66,"column":52}},"28":{"start":{"line":67,"column":4},"end":{"line":72,"column":5}},"29":{"start":{"line":68,"column":6},"end":{"line":71,"column":7}},"30":{"start":{"line":69,"column":8},"end":{"line":69,"column":35}},"31":{"start":{"line":70,"column":8},"end":{"line":70,"column":14}},"32":{"start":{"line":74,"column":4},"end":{"line":80,"column":5}},"33":{"start":{"line":75,"column":6},"end":{"line":79,"column":9}},"34":{"start":{"line":83,"column":4},"end":{"line":91,"column":7}},"35":{"start":{"line":93,"column":4},"end":{"line":93,"column":89}},"36":{"start":{"line":95,"column":4},"end":{"line":98,"column":7}},"37":{"start":{"line":102,"column":0},"end":{"line":102,"column":24}}},"fnMap":{"0":{"name":"(anonymous_0)","decl":{"start":{"line":21,"column":15},"end":{"line":21,"column":16}},"loc":{"start":{"line":21,"column":34},"end":{"line":23,"column":3}},"line":21},"1":{"name":"(anonymous_1)","decl":{"start":{"line":24,"column":12},"end":{"line":24,"column":13}},"loc":{"start":{"line":24,"column":31},"end":{"line":29,"column":3}},"line":24},"2":{"name":"(anonymous_2)","decl":{"start":{"line":46,"column":15},"end":{"line":46,"column":16}},"loc":{"start":{"line":46,"column":35},"end":{"line":99,"column":3}},"line":46}},"branchMap":{"0":{"loc":{"start":{"line":15,"column":0},"end":{"line":17,"column":1}},"type":"if","locations":[{"start":{"line":15,"column":0},"end":{"line":17,"column":1}},{"start":{},"end":{}}],"line":15},"1":{"loc":{"start":{"line":25,"column":24},"end":{"line":25,"column":54}},"type":"binary-expr","locations":[{"start":{"line":25,"column":24},"end":{"line":25,"column":41}},{"start":{"line":25,"column":45},"end":{"line":25,"column":54}}],"line":25},"2":{"loc":{"start":{"line":47,"column":4},"end":{"line":54,"column":5}},"type":"if","locations":[{"start":{"line":47,"column":4},"end":{"line":54,"column":5}},{"start":{},"end":{}}],"line":47},"3":{"loc":{"start":{"line":57,"column":24},"end":{"line":57,"column":54}},"type":"binary-expr","locations":[{"start":{"line":57,"column":24},"end":{"line":57,"column":41}},{"start":{"line":57,"column":45},"end":{"line":57,"column":54}}],"line":57},"4":{"loc":{"start":{"line":68,"column":6},"end":{"line":71,"column":7}},"type":"if","locations":[{"start":{"line":68,"column":6},"end":{"line":71,"column":7}},{"start":{},"end":{}}],"line":68},"5":{"loc":{"start":{"line":74,"column":4},"end":{"line":80,"column":5}},"type":"if","locations":[{"start":{"line":74,"column":4},"end":{"line":80,"column":5}},{"start":{},"end":{}}],"line":74},"6":{"loc":{"start":{"line":93,"column":58},"end":{"line":93,"column":85}},"type":"binary-expr","locations":[{"start":{"line":93,"column":58},"end":{"line":93,"column":72}},{"start":{"line":93,"column":76},"end":{"line":93,"column":85}}],"line":93}},"s":{"0":5,"1":5,"2":5,"3":5,"4":5,"5":5,"6":5,"7":5,"8":5,"9":0,"10":5,"11":1,"12":1,"13":1,"14":1,"15":1,"16":5,"17":5,"18":2,"19":1,"20":1,"21":1,"22":1,"23":1,"24":1,"25":1,"26":1,"27":1,"28":1,"29":1,"30":1,"31":1,"32":1,"33":1,"34":1,"35":1,"36":1,"37":5},"f":{"0":1,"1":1,"2":2},"b":{"0":[0,5],"1":[1,0],"2":[1,1],"3":[1,0],"4":[1,0],"5":[1,0],"6":[1,0]},"_coverageSchema":"1a1c01bbd47fc00a2c39e90264f33305004495a9","hash":"db8b4db976231c731a474968b2582ae40da82c1d"}
,"/root/zalo-pay/zalopay/backend/routes/api/merchant/banks.js": {"path":"/root/zalo-pay/zalopay/backend/routes/api/merchant/banks.js","statementMap":{"0":{"start":{"line":2,"column":16},"end":{"line":2,"column":34}},"1":{"start":{"line":3,"column":15},"end":{"line":3,"column":31}},"2":{"start":{"line":6,"column":25},"end":{"line":40,"column":1}},"3":{"start":{"line":42,"column":0},"end":{"line":55,"column":3}},"4":{"start":{"line":43,"column":2},"end":{"line":54,"column":3}},"5":{"start":{"line":44,"column":4},"end":{"line":48,"column":7}},"6":{"start":{"line":50,"column":4},"end":{"line":53,"column":7}},"7":{"start":{"line":57,"column":0},"end":{"line":57,"column":24}}},"fnMap":{"0":{"name":"(anonymous_0)","decl":{"start":{"line":42,"column":16},"end":{"line":42,"column":17}},"loc":{"start":{"line":42,"column":36},"end":{"line":55,"column":1}},"line":42}},"branchMap":{},"s":{"0":1,"1":1,"2":1,"3":1,"4":1,"5":1,"6":0,"7":1},"f":{"0":1},"b":{},"_coverageSchema":"1a1c01bbd47fc00a2c39e90264f33305004495a9","hash":"fc4a264d4142d3a94bed111d7c4416550422fd28"}
,"/root/zalo-pay/zalopay/backend/routes/api/v1/actions.js": {"path":"/root/zalo-pay/zalopay/backend/routes/api/v1/actions.js","statementMap":{"0":{"start":{"line":5,"column":16},"end":{"line":5,"column":34}},"1":{"start":{"line":6,"column":15},"end":{"line":6,"column":31}},"2":{"start":{"line":7,"column":25},"end":{"line":7,"column":68}},"3":{"start":{"line":8,"column":24},"end":{"line":8,"column":52}},"4":{"start":{"line":9,"column":28},"end":{"line":9,"column":69}},"5":{"start":{"line":15,"column":0},"end":{"line":44,"column":2}},"6":{"start":{"line":24,"column":26},"end":{"line":24,"column":54}},"7":{"start":{"line":25,"column":4},"end":{"line":30,"column":5}},"8":{"start":{"line":26,"column":6},"end":{"line":29,"column":9}},"9":{"start":{"line":31,"column":31},"end":{"line":31,"column":39}},"10":{"start":{"line":33,"column":19},"end":{"line":37,"column":5}},"11":{"start":{"line":39,"column":4},"end":{"line":42,"column":7}},"12":{"start":{"line":50,"column":0},"end":{"line":68,"column":2}},"13":{"start":{"line":53,"column":26},"end":{"line":53,"column":54}},"14":{"start":{"line":54,"column":4},"end":{"line":59,"column":5}},"15":{"start":{"line":55,"column":6},"end":{"line":58,"column":9}},"16":{"start":{"line":60,"column":20},"end":{"line":60,"column":55}},"17":{"start":{"line":62,"column":4},"end":{"line":66,"column":7}},"18":{"start":{"line":70,"column":0},"end":{"line":70,"column":24}}},"fnMap":{"0":{"name":"(anonymous_0)","decl":{"start":{"line":23,"column":15},"end":{"line":23,"column":16}},"loc":{"start":{"line":23,"column":35},"end":{"line":43,"column":3}},"line":23},"1":{"name":"(anonymous_1)","decl":{"start":{"line":52,"column":15},"end":{"line":52,"column":16}},"loc":{"start":{"line":52,"column":35},"end":{"line":67,"column":3}},"line":52}},"branchMap":{"0":{"loc":{"start":{"line":25,"column":4},"end":{"line":30,"column":5}},"type":"if","locations":[{"start":{"line":25,"column":4},"end":{"line":30,"column":5}},{"start":{},"end":{}}],"line":25},"1":{"loc":{"start":{"line":54,"column":4},"end":{"line":59,"column":5}},"type":"if","locations":[{"start":{"line":54,"column":4},"end":{"line":59,"column":5}},{"start":{},"end":{}}],"line":54}},"s":{"0":5,"1":5,"2":5,"3":5,"4":5,"5":5,"6":2,"7":2,"8":0,"9":2,"10":2,"11":1,"12":5,"13":1,"14":1,"15":0,"16":1,"17":1,"18":5},"f":{"0":2,"1":1},"b":{"0":[0,2],"1":[0,1]},"_coverageSchema":"1a1c01bbd47fc00a2c39e90264f33305004495a9","hash":"6638a36ba70ad8400759cf4dcba75809a5813e6d"}
,"/root/zalo-pay/zalopay/backend/routes/api/v1/devices.js": {"path":"/root/zalo-pay/zalopay/backend/routes/api/v1/devices.js","statementMap":{"0":{"start":{"line":5,"column":16},"end":{"line":5,"column":34}},"1":{"start":{"line":6,"column":15},"end":{"line":6,"column":31}},"2":{"start":{"line":7,"column":25},"end":{"line":7,"column":68}},"3":{"start":{"line":8,"column":49},"end":{"line":8,"column":77}},"4":{"start":{"line":9,"column":28},"end":{"line":9,"column":69}},"5":{"start":{"line":10,"column":47},"end":{"line":10,"column":89}},"6":{"start":{"line":19,"column":0},"end":{"line":47,"column":2}},"7":{"start":{"line":27,"column":26},"end":{"line":27,"column":54}},"8":{"start":{"line":30,"column":20},"end":{"line":30,"column":22}},"9":{"start":{"line":31,"column":4},"end":{"line":33,"column":5}},"10":{"start":{"line":32,"column":6},"end":{"line":32,"column":63}},"11":{"start":{"line":34,"column":4},"end":{"line":36,"column":5}},"12":{"start":{"line":35,"column":6},"end":{"line":35,"column":51}},"13":{"start":{"line":38,"column":20},"end":{"line":38,"column":62}},"14":{"start":{"line":40,"column":4},"end":{"line":45,"column":7}},"15":{"start":{"line":53,"column":0},"end":{"line":68,"column":2}},"16":{"start":{"line":60,"column":26},"end":{"line":60,"column":54}},"17":{"start":{"line":61,"column":19},"end":{"line":61,"column":67}},"18":{"start":{"line":63,"column":4},"end":{"line":66,"column":7}},"19":{"start":{"line":70,"column":0},"end":{"line":70,"column":24}}},"fnMap":{"0":{"name":"(anonymous_0)","decl":{"start":{"line":26,"column":15},"end":{"line":26,"column":16}},"loc":{"start":{"line":26,"column":35},"end":{"line":46,"column":3}},"line":26},"1":{"name":"(anonymous_1)","decl":{"start":{"line":59,"column":15},"end":{"line":59,"column":16}},"loc":{"start":{"line":59,"column":35},"end":{"line":67,"column":3}},"line":59}},"branchMap":{"0":{"loc":{"start":{"line":31,"column":4},"end":{"line":33,"column":5}},"type":"if","locations":[{"start":{"line":31,"column":4},"end":{"line":33,"column":5}},{"start":{},"end":{}}],"line":31},"1":{"loc":{"start":{"line":34,"column":4},"end":{"line":36,"column":5}},"type":"if","locations":[{"start":{"line":34,"column":4},"end":{"line":36,"column":5}},{"start":{},"end":{}}],"line":34}},"s":{"0":5,"1":5,"2":5,"3":5,"4":5,"5":5,"6":5,"7":3,"8":3,"9":3,"10":1,"11":3,"12":0,"13":3,"14":3,"15":5,"16":3,"17":3,"18":1,"19":5},"f":{"0":3,"1":3},"b":{"0":[1,2],"1":[0,3]},"_coverageSchema":"1a1c01bbd47fc00a2c39e90264f33305004495a9","hash":"5e2e4591578f582d9770ad65553a1c20b29bb1f3"}
,"/root/zalo-pay/zalopay/backend/routes/api/v1/index.js": {"path":"/root/zalo-pay/zalopay/backend/routes/api/v1/index.js","statementMap":{"0":{"start":{"line":2,"column":16},"end":{"line":2,"column":34}},"1":{"start":{"line":3,"column":15},"end":{"line":3,"column":31}},"2":{"start":{"line":5,"column":22},"end":{"line":5,"column":42}},"3":{"start":{"line":6,"column":22},"end":{"line":6,"column":42}},"4":{"start":{"line":7,"column":28},"end":{"line":7,"column":54}},"5":{"start":{"line":9,"column":0},"end":{"line":9,"column":38}},"6":{"start":{"line":10,"column":0},"end":{"line":10,"column":31}},"7":{"start":{"line":11,"column":0},"end":{"line":11,"column":44}},"8":{"start":{"line":13,"column":0},"end":{"line":13,"column":24}}},"fnMap":{},"branchMap":{},"s":{"0":5,"1":5,"2":5,"3":5,"4":5,"5":5,"6":5,"7":5,"8":5},"f":{},"b":{},"_coverageSchema":"1a1c01bbd47fc00a2c39e90264f33305004495a9","hash":"6cdca73e7a82d79e31ee4c7ccf50eabea16c0132"}
,"/root/zalo-pay/zalopay/backend/routes/api/v1/screenControl.js": {"path":"/root/zalo-pay/zalopay/backend/routes/api/v1/screenControl.js","statementMap":{"0":{"start":{"line":5,"column":16},"end":{"line":5,"column":34}},"1":{"start":{"line":6,"column":15},"end":{"line":6,"column":31}},"2":{"start":{"line":7,"column":25},"end":{"line":7,"column":68}},"3":{"start":{"line":8,"column":24},"end":{"line":8,"column":52}},"4":{"start":{"line":9,"column":28},"end":{"line":9,"column":69}},"5":{"start":{"line":15,"column":0},"end":{"line":42,"column":2}},"6":{"start":{"line":26,"column":32},"end":{"line":26,"column":66}},"7":{"start":{"line":27,"column":4},"end":{"line":32,"column":5}},"8":{"start":{"line":28,"column":6},"end":{"line":31,"column":9}},"9":{"start":{"line":33,"column":24},"end":{"line":33,"column":32}},"10":{"start":{"line":35,"column":19},"end":{"line":35,"column":83}},"11":{"start":{"line":37,"column":4},"end":{"line":40,"column":7}},"12":{"start":{"line":48,"column":0},"end":{"line":70,"column":2}},"13":{"start":{"line":55,"column":32},"end":{"line":55,"column":66}},"14":{"start":{"line":56,"column":4},"end":{"line":61,"column":5}},"15":{"start":{"line":57,"column":6},"end":{"line":60,"column":9}},"16":{"start":{"line":63,"column":19},"end":{"line":63,"column":73}},"17":{"start":{"line":65,"column":4},"end":{"line":68,"column":7}},"18":{"start":{"line":76,"column":0},"end":{"line":101,"column":2}},"19":{"start":{"line":86,"column":32},"end":{"line":86,"column":66}},"20":{"start":{"line":87,"column":45},"end":{"line":87,"column":53}},"21":{"start":{"line":89,"column":28},"end":{"line":89,"column":30}},"22":{"start":{"line":90,"column":4},"end":{"line":90,"column":53}},"23":{"start":{"line":90,"column":27},"end":{"line":90,"column":53}},"24":{"start":{"line":91,"column":4},"end":{"line":91,"column":74}},"25":{"start":{"line":91,"column":34},"end":{"line":91,"column":74}},"26":{"start":{"line":92,"column":4},"end":{"line":92,"column":77}},"27":{"start":{"line":92,"column":35},"end":{"line":92,"column":77}},"28":{"start":{"line":94,"column":19},"end":{"line":94,"column":98}},"29":{"start":{"line":96,"column":4},"end":{"line":99,"column":7}},"30":{"start":{"line":107,"column":0},"end":{"line":129,"column":2}},"31":{"start":{"line":114,"column":32},"end":{"line":114,"column":66}},"32":{"start":{"line":115,"column":4},"end":{"line":120,"column":5}},"33":{"start":{"line":116,"column":6},"end":{"line":119,"column":9}},"34":{"start":{"line":122,"column":19},"end":{"line":122,"column":72}},"35":{"start":{"line":124,"column":4},"end":{"line":127,"column":7}},"36":{"start":{"line":135,"column":0},"end":{"line":157,"column":2}},"37":{"start":{"line":142,"column":33},"end":{"line":142,"column":68}},"38":{"start":{"line":143,"column":4},"end":{"line":148,"column":5}},"39":{"start":{"line":144,"column":6},"end":{"line":147,"column":9}},"40":{"start":{"line":150,"column":19},"end":{"line":150,"column":73}},"41":{"start":{"line":152,"column":4},"end":{"line":155,"column":7}},"42":{"start":{"line":163,"column":0},"end":{"line":185,"column":2}},"43":{"start":{"line":170,"column":33},"end":{"line":170,"column":68}},"44":{"start":{"line":171,"column":4},"end":{"line":176,"column":5}},"45":{"start":{"line":172,"column":6},"end":{"line":175,"column":9}},"46":{"start":{"line":178,"column":19},"end":{"line":178,"column":72}},"47":{"start":{"line":180,"column":4},"end":{"line":183,"column":7}},"48":{"start":{"line":191,"column":0},"end":{"line":222,"column":2}},"49":{"start":{"line":200,"column":33},"end":{"line":200,"column":68}},"50":{"start":{"line":201,"column":4},"end":{"line":206,"column":5}},"51":{"start":{"line":202,"column":6},"end":{"line":205,"column":9}},"52":{"start":{"line":207,"column":27},"end":{"line":207,"column":35}},"53":{"start":{"line":209,"column":20},"end":{"line":213,"column":5}},"54":{"start":{"line":215,"column":19},"end":{"line":215,"column":81}},"55":{"start":{"line":217,"column":4},"end":{"line":220,"column":7}},"56":{"start":{"line":228,"column":0},"end":{"line":250,"column":2}},"57":{"start":{"line":235,"column":33},"end":{"line":235,"column":68}},"58":{"start":{"line":236,"column":4},"end":{"line":241,"column":5}},"59":{"start":{"line":237,"column":6},"end":{"line":240,"column":9}},"60":{"start":{"line":243,"column":19},"end":{"line":243,"column":71}},"61":{"start":{"line":245,"column":4},"end":{"line":248,"column":7}},"62":{"start":{"line":252,"column":0},"end":{"line":252,"column":24}}},"fnMap":{"0":{"name":"(anonymous_0)","decl":{"start":{"line":25,"column":15},"end":{"line":25,"column":16}},"loc":{"start":{"line":25,"column":35},"end":{"line":41,"column":3}},"line":25},"1":{"name":"(anonymous_1)","decl":{"start":{"line":54,"column":15},"end":{"line":54,"column":16}},"loc":{"start":{"line":54,"column":35},"end":{"line":69,"column":3}},"line":54},"2":{"name":"(anonymous_2)","decl":{"start":{"line":85,"column":15},"end":{"line":85,"column":16}},"loc":{"start":{"line":85,"column":35},"end":{"line":100,"column":3}},"line":85},"3":{"name":"(anonymous_3)","decl":{"start":{"line":113,"column":15},"end":{"line":113,"column":16}},"loc":{"start":{"line":113,"column":35},"end":{"line":128,"column":3}},"line":113},"4":{"name":"(anonymous_4)","decl":{"start":{"line":141,"column":15},"end":{"line":141,"column":16}},"loc":{"start":{"line":141,"column":35},"end":{"line":156,"column":3}},"line":141},"5":{"name":"(anonymous_5)","decl":{"start":{"line":169,"column":15},"end":{"line":169,"column":16}},"loc":{"start":{"line":169,"column":35},"end":{"line":184,"column":3}},"line":169},"6":{"name":"(anonymous_6)","decl":{"start":{"line":199,"column":15},"end":{"line":199,"column":16}},"loc":{"start":{"line":199,"column":35},"end":{"line":221,"column":3}},"line":199},"7":{"name":"(anonymous_7)","decl":{"start":{"line":234,"column":15},"end":{"line":234,"column":16}},"loc":{"start":{"line":234,"column":35},"end":{"line":249,"column":3}},"line":234}},"branchMap":{"0":{"loc":{"start":{"line":27,"column":4},"end":{"line":32,"column":5}},"type":"if","locations":[{"start":{"line":27,"column":4},"end":{"line":32,"column":5}},{"start":{},"end":{}}],"line":27},"1":{"loc":{"start":{"line":56,"column":4},"end":{"line":61,"column":5}},"type":"if","locations":[{"start":{"line":56,"column":4},"end":{"line":61,"column":5}},{"start":{},"end":{}}],"line":56},"2":{"loc":{"start":{"line":90,"column":4},"end":{"line":90,"column":53}},"type":"if","locations":[{"start":{"line":90,"column":4},"end":{"line":90,"column":53}},{"start":{},"end":{}}],"line":90},"3":{"loc":{"start":{"line":91,"column":4},"end":{"line":91,"column":74}},"type":"if","locations":[{"start":{"line":91,"column":4},"end":{"line":91,"column":74}},{"start":{},"end":{}}],"line":91},"4":{"loc":{"start":{"line":92,"column":4},"end":{"line":92,"column":77}},"type":"if","locations":[{"start":{"line":92,"column":4},"end":{"line":92,"column":77}},{"start":{},"end":{}}],"line":92},"5":{"loc":{"start":{"line":115,"column":4},"end":{"line":120,"column":5}},"type":"if","locations":[{"start":{"line":115,"column":4},"end":{"line":120,"column":5}},{"start":{},"end":{}}],"line":115},"6":{"loc":{"start":{"line":143,"column":4},"end":{"line":148,"column":5}},"type":"if","locations":[{"start":{"line":143,"column":4},"end":{"line":148,"column":5}},{"start":{},"end":{}}],"line":143},"7":{"loc":{"start":{"line":171,"column":4},"end":{"line":176,"column":5}},"type":"if","locations":[{"start":{"line":171,"column":4},"end":{"line":176,"column":5}},{"start":{},"end":{}}],"line":171},"8":{"loc":{"start":{"line":201,"column":4},"end":{"line":206,"column":5}},"type":"if","locations":[{"start":{"line":201,"column":4},"end":{"line":206,"column":5}},{"start":{},"end":{}}],"line":201},"9":{"loc":{"start":{"line":236,"column":4},"end":{"line":241,"column":5}},"type":"if","locations":[{"start":{"line":236,"column":4},"end":{"line":241,"column":5}},{"start":{},"end":{}}],"line":236}},"s":{"0":5,"1":5,"2":5,"3":5,"4":5,"5":5,"6":1,"7":1,"8":0,"9":1,"10":1,"11":1,"12":5,"13":1,"14":1,"15":0,"16":1,"17":1,"18":5,"19":0,"20":0,"21":0,"22":0,"23":0,"24":0,"25":0,"26":0,"27":0,"28":0,"29":0,"30":5,"31":1,"32":1,"33":0,"34":1,"35":1,"36":5,"37":1,"38":1,"39":0,"40":1,"41":1,"42":5,"43":1,"44":1,"45":0,"46":1,"47":1,"48":5,"49":1,"50":1,"51":0,"52":1,"53":1,"54":1,"55":1,"56":5,"57":0,"58":0,"59":0,"60":0,"61":0,"62":5},"f":{"0":1,"1":1,"2":0,"3":1,"4":1,"5":1,"6":1,"7":0},"b":{"0":[0,1],"1":[0,1],"2":[0,0],"3":[0,0],"4":[0,0],"5":[0,1],"6":[0,1],"7":[0,1],"8":[0,1],"9":[0,0]},"_coverageSchema":"1a1c01bbd47fc00a2c39e90264f33305004495a9","hash":"354af2437b71d16f5dcbe300b89008381432a6a7"}
,"/root/zalo-pay/zalopay/backend/services/actionService.js": {"path":"/root/zalo-pay/zalopay/backend/services/actionService.js","statementMap":{"0":{"start":{"line":5,"column":15},"end":{"line":5,"column":41}},"1":{"start":{"line":6,"column":43},"end":{"line":6,"column":69}},"2":{"start":{"line":7,"column":73},"end":{"line":7,"column":109}},"3":{"start":{"line":11,"column":4},"end":{"line":11,"column":39}},"4":{"start":{"line":12,"column":4},"end":{"line":12,"column":17}},"5":{"start":{"line":18,"column":14},"end":{"line":48,"column":3}},"6":{"start":{"line":57,"column":4},"end":{"line":115,"column":5}},"7":{"start":{"line":59,"column":6},"end":{"line":61,"column":7}},"8":{"start":{"line":60,"column":8},"end":{"line":60,"column":56}},"9":{"start":{"line":64,"column":6},"end":{"line":66,"column":7}},"10":{"start":{"line":65,"column":8},"end":{"line":65,"column":77}},"11":{"start":{"line":69,"column":21},"end":{"line":69,"column":69}},"12":{"start":{"line":70,"column":23},"end":{"line":70,"column":56}},"13":{"start":{"line":73,"column":6},"end":{"line":75,"column":7}},"14":{"start":{"line":74,"column":8},"end":{"line":74,"column":97}},"15":{"start":{"line":78,"column":27},"end":{"line":78,"column":92}},"16":{"start":{"line":81,"column":19},"end":{"line":81,"column":21}},"17":{"start":{"line":82,"column":6},"end":{"line":89,"column":7}},"18":{"start":{"line":83,"column":8},"end":{"line":83,"column":24}},"19":{"start":{"line":84,"column":13},"end":{"line":89,"column":7}},"20":{"start":{"line":85,"column":8},"end":{"line":88,"column":12}},"21":{"start":{"line":85,"column":49},"end":{"line":88,"column":9}},"22":{"start":{"line":92,"column":6},"end":{"line":95,"column":9}},"23":{"start":{"line":98,"column":6},"end":{"line":102,"column":7}},"24":{"start":{"line":99,"column":8},"end":{"line":101,"column":11}},"25":{"start":{"line":104,"column":6},"end":{"line":104,"column":83}},"26":{"start":{"line":106,"column":6},"end":{"line":111,"column":8}},"27":{"start":{"line":113,"column":6},"end":{"line":113,"column":85}},"28":{"start":{"line":114,"column":6},"end":{"line":114,"column":18}},"29":{"start":{"line":124,"column":4},"end":{"line":126,"column":5}},"30":{"start":{"line":125,"column":6},"end":{"line":125,"column":41}},"31":{"start":{"line":128,"column":28},"end":{"line":128,"column":56}},"32":{"start":{"line":130,"column":4},"end":{"line":130,"column":82}},"33":{"start":{"line":130,"column":44},"end":{"line":130,"column":80}},"34":{"start":{"line":134,"column":0},"end":{"line":134,"column":31}}},"fnMap":{"0":{"name":"(anonymous_0)","decl":{"start":{"line":10,"column":2},"en
[...]
":6},"end":{"line":39,"column":7}},"type":"if","locations":[{"start":{"line":37,"column":6},"end":{"line":39,"column":7}},{"start":{},"end":{}}],"line":37},"7":{"loc":{"start":{"line":43,"column":4},"end":{"line":48,"column":5}},"type":"if","locations":[{"start":{"line":43,"column":4},"end":{"line":48,"column":5}},{"start":{},"end":{}}],"line":43},"8":{"loc":{"start":{"line":45,"column":6},"end":{"line":47,"column":7}},"type":"if","locations":[{"start":{"line":45,"column":6},"end":{"line":47,"column":7}},{"start":{},"end":{}}],"line":45},"9":{"loc":{"start":{"line":45,"column":10},"end":{"line":45,"column":86}},"type":"binary-expr","locations":[{"start":{"line":45,"column":10},"end":{"line":45,"column":34}},{"start":{"line":45,"column":38},"end":{"line":45,"column":60}},{"start":{"line":45,"column":64},"end":{"line":45,"column":86}}],"line":45},"10":{"loc":{"start":{"line":51,"column":4},"end":{"line":61,"column":5}},"type":"if","locations":[{"start":{"line":51,"column":4},"end":{"line":61,"column":5}},{"start":{},"end":{}}],"line":51},"11":{"loc":{"start":{"line":54,"column":6},"end":{"line":60,"column":7}},"type":"if","locations":[{"start":{"line":54,"column":6},"end":{"line":60,"column":7}},{"start":{},"end":{}}],"line":54},"12":{"loc":{"start":{"line":54,"column":10},"end":{"line":54,"column":62}},"type":"binary-expr","locations":[{"start":{"line":54,"column":10},"end":{"line":54,"column":33}},{"start":{"line":54,"column":37},"end":{"line":54,"column":62}}],"line":54},"13":{"loc":{"start":{"line":56,"column":8},"end":{"line":59,"column":9}},"type":"if","locations":[{"start":{"line":56,"column":8},"end":{"line":59,"column":9}},{"start":{},"end":{}}],"line":56},"14":{"loc":{"start":{"line":56,"column":12},"end":{"line":57,"column":57}},"type":"binary-expr","locations":[{"start":{"line":56,"column":12},"end":{"line":56,"column":25}},{"start":{"line":56,"column":30},"end":{"line":56,"column":76}},{"start":{"line":57,"column":12},"end":{"line":57,"column":56}}],"line":56},"15":{"loc":{"start":{"line":79,"column":4},"end":{"line":84,"column":5}},"type":"if","locations":[{"start":{"line":79,"column":4},"end":{"line":84,"column":5}},{"start":{},"end":{}}],"line":79},"16":{"loc":{"start":{"line":81,"column":6},"end":{"line":83,"column":7}},"type":"if","locations":[{"start":{"line":81,"column":6},"end":{"line":83,"column":7}},{"start":{},"end":{}}],"line":81},"17":{"loc":{"start":{"line":81,"column":10},"end":{"line":81,"column":54}},"type":"binary-expr","locations":[{"start":{"line":81,"column":10},"end":{"line":81,"column":28}},{"start":{"line":81,"column":32},"end":{"line":81,"column":54}}],"line":81},"18":{"loc":{"start":{"line":87,"column":4},"end":{"line":92,"column":5}},"type":"if","locations":[{"start":{"line":87,"column":4},"end":{"line":92,"column":5}},{"start":{},"end":{}}],"line":87},"19":{"loc":{"start":{"line":89,"column":6},"end":{"line":91,"column":7}},"type":"if","locations":[{"start":{"line":89,"column":6},"end":{"line":91,"column":7}},{"start":{},"end":{}}],"line":89},"20":{"loc":{"start":{"line":89,"column":10},"end":{"line":89,"column":86}},"type":"binary-expr","locations":[{"start":{"line":89,"column":10},"end":{"line":89,"column":34}},{"start":{"line":89,"column":38},"end":{"line":89,"column":60}},{"start":{"line":89,"column":64},"end":{"line":89,"column":86}}],"line":89},"21":{"loc":{"start":{"line":95,"column":4},"end":{"line":100,"column":5}},"type":"if","locations":[{"start":{"line":95,"column":4},"end":{"line":100,"column":5}},{"start":{},"end":{}}],"line":95},"22":{"loc":{"start":{"line":97,"column":6},"end":{"line":99,"column":7}},"type":"if","locations":[{"start":{"line":97,"column":6},"end":{"line":99,"column":7}},{"start":{},"end":{}}],"line":97},"23":{"loc":{"start":{"line":117,"column":20},"end":{"line":117,"column":50}},"type":"binary-expr","locations":[{"start":{"line":117,"column":20},"end":{"line":117,"column":44}},{"start":{"line":117,"column":48},"end":{"line":117,"column":50}}],"line":117},"24":{"loc":{"start":{"line":121,"column":26},"end":{"line":121,"column":80}},"type":"binary-expr","locations":[{"start":{"line":121,"column":26},"end":{"line":121,"column":53}},{"start":{"line":121,"column":57},"end":{"line":121,"column":72}},{"start":{"line":121,"column":76},"end":{"line":121,"column":80}}],"line":121},"25":{"loc":{"start":{"line":124,"column":4},"end":{"line":127,"column":5}},"type":"if","locations":[{"start":{"line":124,"column":4},"end":{"line":127,"column":5}},{"start":{},"end":{}}],"line":124},"26":{"loc":{"start":{"line":124,"column":8},"end":{"line":124,"column":53}},"type":"binary-expr","locations":[{"start":{"line":124,"column":8},"end":{"line":124,"column":34}},{"start":{"line":124,"column":38},"end":{"line":124,"column":53}}],"line":124},"27":{"loc":{"start":{"line":148,"column":9},"end":{"line":148,"column":69}},"type":"binary-expr","locations":[{"start":{"line":148,"column":9},"end":{"line":148,"column":39}},{"start":{"line":148,"column":43},"end":{"line":148,"column":69}}],"line":148},"28":{"loc":{"start":{"line":157,"column":2},"end":{"line":159,"column":3}},"type":"if","locations":[{"start":{"line":157,"column":2},"end":{"line":159,"column":3}},{"start":{},"end":{}}],"line":157},"29":{"loc":{"start":{"line":157,"column":6},"end":{"line":157,"column":47}},"type":"binary-expr","locations":[{"start":{"line":157,"column":6},"end":{"line":157,"column":15}},{"start":{"line":157,"column":19},"end":{"line":157,"column":47}}],"line":157},"30":{"loc":{"start":{"line":162,"column":2},"end":{"line":164,"column":3}},"type":"if","locations":[{"start":{"line":162,"column":2},"end":{"line":164,"column":3}},{"start":{},"end":{}}],"line":162},"31":{"loc":{"start":{"line":162,"column":6},"end":{"line":162,"column":78}},"type":"binary-expr","locations":[{"start":{"line":162,"column":6},"end":{"line":162,"column":26}},{"start":{"line":162,"column":30},"end":{"line":162,"column":53}},{"start":{"line":162,"column":57},"end":{"line":162,"column":78}}],"line":162},"32":{"loc":{"start":{"line":167,"column":2},"end":{"line":169,"column":3}},"type":"if","locations":[{"start":{"line":167,"column":2},"end":{"line":169,"column":3}},{"start":{},"end":{}}],"line":167}},"s":{"0":13,"1":13,"2":18,"3":18,"4":13,"5":13,"6":13,"7":5,"8":2,"9":2,"10":1,"11":1,"12":1,"13":3,"14":2,"15":2,"16":2,"17":1,"18":0,"19":0,"20":0,"21":0,"22":1,"23":0,"24":0,"25":9,"26":9,"27":2,"28":2,"29":2,"30":7,"31":5,"32":5,"33":3,"34":4,"35":3,"36":3,"37":1,"38":3,"39":0,"40":0,"41":10,"42":10,"43":10,"44":10,"45":10,"46":4,"47":10,"48":0,"49":0,"50":8,"51":32,"52":2,"53":30,"54":30,"55":11,"56":19,"57":18,"58":1,"59":13},"f":{"0":18,"1":9,"2":10,"3":8,"4":32},"b":{"0":[13,5],"1":[13,0],"2":[13,7],"3":[2,3],"4":[1,1],"5":[2,2,1],"6":[1,0],"7":[2,1],"8":[2,0],"9":[2,1,0],"10":[0,1],"11":[0,0],"12":[0,0],"13":[0,0],"14":[0,0,0],"15":[2,7],"16":[2,0],"17":[2,1],"18":[5,2],"19":[3,2],"20":[5,3,2],"21":[3,1],"22":[1,2],"23":[10,0],"24":[10,9,0],"25":[4,6],"26":[10,4],"27":[8,6],"28":[2,30],"29":[32,30],"30":[11,19],"31":[30,21,20],"32":[18,1]},"_coverageSchema":"1a1c01bbd47fc00a2c39e90264f33305004495a9","hash":"0e2fbf0a896bcade82a42f927c71496c9f7c6e96"}
,"/root/zalo-pay/zalopay/backend/utils/platformUtils.js": {"path":"/root/zalo-pay/zalopay/backend/utils/platformUtils.js","statementMap":{"0":{"start":{"line":6,"column":73},"end":{"line":6,"column":109}},"1":{"start":{"line":7,"column":58},"end":{"line":7,"column":87}},"2":{"start":{"line":16,"column":2},"end":{"line":18,"column":3}},"3":{"start":{"line":17,"column":4},"end":{"line":17,"column":17}},"4":{"start":{"line":20,"column":2},"end":{"line":20,"column":45}},"5":{"start":{"line":29,"column":2},"end":{"line":31,"column":3}},"6":{"start":{"line":30,"column":4},"end":{"line":30,"column":14}},"7":{"start":{"line":33,"column":2},"end":{"line":33,"column":38}},"8":{"start":{"line":44,"column":2},"end":{"line":46,"column":3}},"9":{"start":{"line":45,"column":4},"end":{"line":45,"column":16}},"10":{"start":{"line":48,"column":29},"end":{"line":48,"column":69}},"11":{"start":{"line":49,"column":21},"end":{"line":49,"column":32}},"12":{"start":{"line":52,"column":2},"end":{"line":58,"column":3}},"13":{"start":{"line":55,"column":4},"end":{"line":57,"column":5}},"14":{"start":{"line":56,"column":6},"end":{"line":56,"column":50}},"15":{"start":{"line":61,"column":2},"end":{"line":63,"column":3}},"16":{"start":{"line":62,"column":4},"end":{"line":62,"column":29}},"17":{"start":{"line":64,"column":2},"end":{"line":66,"column":3}},"18":{"start":{"line":65,"column":4},"end":{"line":65,"column":24}},"19":{"start":{"line":67,"column":2},"end":{"line":69,"column":3}},"20":{"start":{"line":68,"column":4},"end":{"line":68,"column":26}},"21":{"start":{"line":70,"column":2},"end":{"line":72,"column":3}},"22":{"start":{"line":71,"column":4},"end":{"line":71,"column":28}},"23":{"start":{"line":73,"column":2},"end":{"line":75,"column":3}},"24":{"start":{"line":74,"column":4},"end":{"line":74,"column":25}},"25":{"start":{"line":77,"column":2},"end":{"line":77,"column":20}},"26":{"start":{"line":87,"column":2},"end":{"line":89,"column":3}},"27":{"start":{"line":88,"column":4},"end":{"line":88,"column":18}},"28":{"start":{"line":91,"column":2},"end":{"line":91,"column":49}},"29":{"start":{"line":100,"column":2},"end":{"line":100,"column":35}},"30":{"start":{"line":109,"column":2},"end":{"line":111,"column":3}},"31":{"start":{"line":110,"column":4},"end":{"line":110,"column":21}},"32":{"start":{"line":113,"column":21},"end":{"line":113,"column":50}},"33":{"start":{"line":116,"column":2},"end":{"line":120,"column":3}},"34":{"start":{"line":117,"column":4},"end":{"line":117,"column":17}},"35":{"start":{"line":118,"column":9},"end":{"line":120,"column":3}},"36":{"start":{"line":119,"column":4},"end":{"line":119,"column":21}},"37":{"start":{"line":123,"column":2},"end":{"line":123,"column":19}},"38":{"start":{"line":132,"column":2},"end":{"line":134,"column":3}},"39":{"start":{"line":133,"column":4},"end":{"line":133,"column":16}},"40":{"start":{"line":136,"column":21},"end":{"line":136,"column":50}},"41":{"start":{"line":139,"column":2},"end":{"line":143,"column":3}},"42":{"start":{"line":140,"column":4},"end":{"line":140,"column":16}},"43":{"start":{"line":141,"column":9},"end":{"line":143,"column":3}},"44":{"start":{"line":142,"column":4},"end":{"line":142,"column":16}},"45":{"start":{"line":146,"column":2},"end":{"line":146,"column":14}},"46":{"start":{"line":156,"column":2},"end":{"line":156,"column":71}},"47":{"start":{"line":159,"column":0},"end":{"line":168,"column":2}}},"fnMap":{"0":{"name":"isPlatformSupported","decl":{"start":{"line":15,"column":9},"end":{"line":15,"column":28}},"loc":{"start":{"line":15,"column":47},"end":{"line":21,"column":1}},"line":15},"1":{"name":"getPlatformActionsList","decl":{"start":{"line":28,"column":9},"end":{"line":28,"column":31}},"loc":{"start":{"line":28,"column":42},"end":{"line":34,"column":1}},"line":28},"2":{"name":"normalizePlatformData","decl":{"start":{"line":43,"column":9},"end":{"line":43,"column":30}},"loc":{"start":{"line":43,"column":47},"end":{"line":78,"column":1}},"line":43},"3":{"name":"getPlatformAction","decl":{"start":{"line":86,"column":9},"end":{"line":86,"column":26}},"loc":{"start":{"line":86,"column":45},"end":{"line":92,"column":1}},"line":86},"4":{"name":"validatePlatform","decl":{"start":{"line":99,"column":9},"end":{"line":99,"column":25}},"loc":{"start":{"line":99,"column":36},"end":{"line":101,"column":1}},"line":99},"5":{"name":"getPlatformDisplayName","decl":{"start":{"line":108,"column":9},"end":{"line":108,"column":31}},"loc":{"start":{"line":108,"column":42},"end":{"line":124,"column":1}},"line":108},"6":{"name":"getPlatformIcon","decl":{"start":{"line":131,"column":9},"end":{"line":131,"column":24}},"loc":{"start":{"line":131,"column":35},"end":{"line":147,"column":1}},"line":131},"7":{"name":"comparePlatforms","decl":{"start":{"line":155,"column":9},"end":{"line":155,"column":25}},"loc":{"start":{"line":155,"column":48},"end":{"line":157,"column":1}},"line":155}},"branchMap":{"0":{"loc":{"start":{"line":16,"column":2},"end":{"line":18,"column":3}},"type":"if","locations":[{"start":{"line":16,"column":2},"end":{"line":18,"column":3}},{"start":{},"end":{}}],"line":16},"1":{"loc":{"start":{"line":16,"column":6},"end":{"line":16,"column":26}},"type":"binary-expr","locations":[{"start":{"line":16,"column":6},"end":{"line":16,"column":13}},{"start":{"line":16,"column":17},"end":{"line":16,"column":26}}],"line":16},"2":{"loc":{"start":{"line":29,"column":2},"end":{"line":31,"column":3}},"type":"if","locations":[{"start":{"line":29,"column":2},"end":{"line":31,"column":3}},{"start":{},"end":{}}],"line":29},"3":{"loc":{"start":{"line":44,"column":2},"end":{"line":46,"column":3}},"type":"if","locations":[{"start":{"line":44,"column":2},"end":{"line":46,"column":3}},{"start":{},"end":{}}],"line":44},"4":{"loc":{"start":{"line":44,"column":6},"end":{"line":44,"column":39}},"type":"binary-expr","locations":[{"start":{"line":44,"column":6},"end":{"line":44,"column":11}},{"start":{"line":44,"column":15},"end":{"line":44,"column":39}}],"line":44},"5":{"loc":{"start":{"line":48,"column":47},"end":{"line":48,"column":68}},"type":"binary-expr","locations":[{"start":{"line":48,"column":47},"end":{"line":48,"column":55}},{"start":{"line":48,"column":59},"end":{"line":48,"column":68}}],"line":48},"6":{"loc":{"start":{"line":52,"column":2},"end":{"line":58,"column":3}},"type":"if","locations":[{"start":{"line":52,"column":2},"end":{"line":58,"column":3}},{"start":{},"end":{}}],"line":52},"7":{"loc":{"start":{"line":55,"column":4},"end":{"line":57,"column":5}},"type":"if","locations":[{"start":{"line":55,"column":4},"end":{"line":57,"column":5}},{"start":{},"end":{}}],"line":55},"8":{"loc":{"start":{"line":55,"column":8},"end":{"line":55,"column":53}},"type":"binary-expr","locations":[{"start":{"line":55,"column":8},"end":{"line":55,"column":26}},{"start":{"line":55,"column":30},"end":{"line":55,"column":53}}],"line":55},"9":{"loc":{"start":{"line":61,"column":2},"end":{"line":63,"column":3}},"type":"if","locations":[{"start":{"line":61,"column":2},"end":{"line":63,"column":3}},{"start":{},"end":{}}],"line":61},"10":{"loc":{"start":{"line":61,"column":6},"end":{"line":61,"column":64}},"type":"binary-expr","locations":[{"start":{"line":61,"column":6},"end":{"line":61,"column":25}},{"start":{"line":61,"column":29},"end":{"line":61,"column":64}}],"line":61},"11":{"loc":{"start":{"line":64,"column":2},"end":{"line":66,"column":3}},"type":"if","locations":[{"start":{"line":64,"column":2},"end":{"line":66,"column":3}},{"start":{},"end":{}}],"line":64},"12":{"loc":{"start":{"line":64,"column":6},"end":{"line":64,"column":54}},"type":"binary-expr","locations":[{"start":{"line":64,"column":6},"end":{"line":64,"column":20}},{"start":{"line":64,"column":24},"end":{"line":64,"column":54}}],"line":64},"13":{"loc":{"start":{"line":67,"column":2},"end":{"line":69,"column":3}},"type":"if","locations":[{"start":{"line":67,"column":2},"end":{"line":69,"column":3}},{"start":{},"end":{}}],"line":67},"14":{"loc":{"start":{"line":67,"column":6},"end":{"line":67,"column":58}},"type":"binary-expr","locations":[{"start":{"line":67,"column":6},"end":{"line":67,"column":22}},{"start":{"line":67,"column":26},"end":{"line":67,"column":58}}],"line":67},"15":{"loc":{"start":{"line":70,"column":2},"end":{"line":72,"column":3}},"type":"if","locations":[{"start":{"line":70,"column":2},"end":{"line":72,"column":3}},{"start":{},"end":{}}],"line":70},"16":{"loc":{"start":{"line":70,"column":6},"end":{"line":70,"column":62}},"type":"binary-expr","locations":[{"start":{"line":70,"column":6},"end":{"line":70,"column":24}},{"start":{"line":70,"column":28},"end":{"line":70,"column":62}}],"line":70},"17":{"loc":{"start":{"line":73,"column":2},"end":{"line":75,"column":3}},"type":"if","locations":[{"start":{"line":73,"column":2},"end":{"line":75,"column":3}},{"start":{},"end":{}}],"line":73},"18":{"loc":{"start":{"line":73,"column":6},"end":{"line":73,"column":56}},"type":"binary-expr","locations":[{"start":{"line":73,"column":6},"end":{"line":73,"column":21}},{"start":{"line":73,"column":25},"end":{"line":73,"column":56}}],"line":73},"19":{"loc":{"start":{"line":87,"column":2},"end":{"line":89,"column":3}},"type":"if","locations":[{"start":{"line":87,"column":2},"end":{"line":89,"column":3}},{"start":{},"end":{}}],"line":87},"20":{"loc":{"start":{"line":87,"column":6},"end":{"line":87,"column":26}},"type":"binary-expr","locations":[{"start":{"line":87,"column":6},"end":{"line":87,"column":13}},{"start":{"line":87,"column":17},"end":{"line":87,"column":26}}],"line":87},"21":{"loc":{"start":{"line":109,"column":2},"end":{"line":111,"column":3}},"type":"if","locations":[{"start":{"line":109,"column":2},"end":{"line":111,"column":3}},{"start":{},"end":{}}],"line":109},"22":{"loc":{"start":{"line":109,"column":6},"end":{"line":109,"column":47}},"type":"binary-expr","locations":[{"start":{"line":109,"column":6},"end":{"line":109,"column":15}},{"start":{"line":109,"column":19},"end":{"line":109,"column":47}}],"line":109},"23":{"loc":{"start":{"line":116,"column":2},"end":{"line":120,"column":3}},"type":"if","locations":[{"start":{"line":116,"column":2},"end":{"line":120,"column":3}},{"start":{"line":118,"column":9},"end":{"line":120,"column":3}}],"line":116},"24":{"loc":{"start":{"line":116,"column":6},"end":{"line":116,"column":78}},"type":"binary-expr","locations":[{"start":{"line":116,"column":6},"end":{"line":116,"column":26}},{"start":{"line":116,"column":30},"end":{"line":116,"column":53}},{"start":{"line":116,"column":57},"end":{"line":116,"column":78}}],"line":116},"25":{"loc":{"start":{"line":118,"column":9},"end":{"line":120,"column":3}},"type":"if","locations":[{"start":{"line":118,"column":9},"end":{"line":120,"column":3}},{"start":{},"end":{}}],"line":118},"26":{"loc":{"start":{"line":132,"column":2},"end":{"line":134,"column":3}},"type":"if","locations":[{"start":{"line":132,"column":2},"end":{"line":134,"column":3}},{"start":{},"end":{}}],"line":132},"27":{"loc":{"start":{"line":132,"column":6},"end":{"line":132,"column":47}},"type":"binary-expr","locations":[{"start":{"line":132,"column":6},"end":{"line":132,"column":15}},{"start":{"line":132,"column":19},"end":{"line":132,"column":47}}],"line":132},"28":{"loc":{"start":{"line":139,"column":2},"end":{"line":143,"column":3}},"type":"if","locations":[{"start":{"line":139,"column":2},"end":{"line":143,"column":3}},{"start":{"line":141,"column":9},"end":{"line":143,"column":3}}],"line":139},"29":{"loc":{"start":{"line":139,"column":6},"end":{"line":139,"column":78}},"type":"binary-expr","locations":[{"start":{"line":139,"column":6},"end":{"line":139,"column":26}},{"start":{"line":139,"column":30},"end":{"line":139,"column":53}},{"start":{"line":139,"column":57},"end":{"line":139,"column":78}}],"line":139},"30":{"loc":{"start":{"line":141,"column":9},"end":{"line":143,"column":3}},"type":"if","locations":[{"start":{"line":141,"column":9},"end":{"line":143,"column":3}},{"start":{},"end":{}}],"line":141}},"s":{"0":2,"1":2,"2":5,"3":2,"4":3,"5":4,"6":1,"7":3,"8":7,"9":2,"10":5,"11":5,"12":5,"13":1,"14":1,"15":5,"16":1,"17":5,"18":0,"19":5,"20":0,"21":5,"22":0,"23":5,"24":0,"25":5,"26":2,"27":1,"28":1,"29":3,"30":3,"31":0,"32":3,"33":3,"34":1,"35":2,"36":1,"37":1,"38":3,"39":0,"40":3,"41":3,"42":1,"43":2,"44":1,"45":1,"46":5,"47":2},"f":{"0":5,"1":4,"2":7,"3":2,"4":3,"5":3,"6":3,"7":5},"b":{"0":[2,3],"1":[5,4],"2":[1,3],"3":[2,5],"4":[7,6],"5":[5,0],"6":[1,4],"7":[1,0],"8":[1,1],"9":[1,4],"10":[5,2],"11":[0,5],"12":[5,0],"13":[0,5],"14":[5,0],"15":[0,5],"16":[5,0],"17":[0,5],"18":[5,0],"19":[1,1],"20":[2,2],"21":[0,3],"22":[3,3],"23":[1,2],"24":[3,2,2],"25":[1,1],"26":[0,3],"27":[3,3],"28":[1,2],"29":[3,2,2],"30":[1,1]},"_coverageSchema":"1a1c01bbd47fc00a2c39e90264f33305004495a9","hash":"ceded0cf382a866e5bd4c6d67dbd1926c63f2666"}
}
