TN:
SF:middleware/auth.js
FN:12,extractBearerToken
FN:23,verifyToken
FN:33,(anonymous_2)
FN:49,(anonymous_3)
FN:56,(anonymous_4)
FN:63,(anonymous_5)
FN:73,(anonymous_6)
FN:107,(anonymous_7)
FN:108,(anonymous_8)
FN:118,(anonymous_9)
FNF:10
FNH:6
FNDA:7,extractBearerToken
FNDA:7,verifyToken
FNDA:5,(anonymous_2)
FNDA:4,(anonymous_3)
FNDA:3,(anonymous_4)
FNDA:1,(anonymous_5)
FNDA:0,(anonymous_6)
FNDA:0,(anonymous_7)
FNDA:0,(anonymous_8)
FNDA:0,(anonymous_9)
DA:2,1
DA:3,1
DA:4,1
DA:5,1
DA:7,1
DA:13,7
DA:14,7
DA:15,2
DA:17,5
DA:24,7
DA:26,7
DA:27,2
DA:28,1
DA:30,1
DA:33,5
DA:34,5
DA:35,2
DA:36,1
DA:38,1
DA:41,3
DA:42,3
DA:49,1
DA:50,4
DA:56,1
DA:57,3
DA:63,1
DA:64,1
DA:73,1
DA:74,0
DA:75,0
DA:77,0
DA:78,0
DA:81,0
DA:82,0
DA:84,0
DA:86,0
DA:87,0
DA:90,0
DA:91,0
DA:93,0
DA:94,0
DA:96,0
DA:97,0
DA:99,0
DA:107,1
DA:108,0
DA:109,0
DA:110,0
DA:113,0
DA:117,0
DA:118,0
DA:119,0
DA:124,0
DA:125,0
DA:128,0
DA:132,1
LF:56
LH:30
BRDA:13,0,0,7
BRDA:13,0,1,2
BRDA:14,1,0,2
BRDA:14,1,1,5
BRDA:14,2,0,7
BRDA:14,2,1,5
BRDA:23,3,0,0
BRDA:23,4,0,0
BRDA:26,5,0,2
BRDA:26,5,1,5
BRDA:27,6,0,1
BRDA:27,6,1,1
BRDA:34,7,0,2
BRDA:34,7,1,3
BRDA:35,8,0,1
BRDA:35,8,1,1
BRDA:63,9,0,1
BRDA:77,10,0,0
BRDA:77,10,1,0
BRDA:77,11,0,0
BRDA:77,11,1,0
BRDA:86,12,0,0
BRDA:86,12,1,0
BRDA:86,13,0,0
BRDA:86,13,1,0
BRDA:93,14,0,0
BRDA:93,14,1,0
BRDA:96,15,0,0
BRDA:96,15,1,0
BRDA:109,16,0,0
BRDA:109,16,1,0
BRDA:113,17,0,0
BRDA:113,17,1,0
BRDA:117,18,0,0
BRDA:117,18,1,0
BRDA:119,19,0,0
BRDA:119,19,1,0
BRDA:119,19,2,0
BRDA:124,20,0,0
BRDA:124,20,1,0
BRF:40
BRH:15
end_of_record
TN:
SF:middleware/errorHandler.js
FN:12,errorHandler
FN:105,asyncHandler
FN:106,(anonymous_2)
FN:114,notFoundHandler
FNF:4
FNH:4
FNDA:12,errorHandler
FNDA:83,asyncHandler
FNDA:23,(anonymous_2)
FNDA:1,notFoundHandler
DA:5,6
DA:6,6
DA:7,6
DA:14,12
DA:24,12
DA:25,6
DA:36,6
DA:37,1
DA:48,5
DA:49,1
DA:58,4
DA:59,1
DA:69,3
DA:70,1
DA:80,2
DA:81,2
DA:85,2
DA:93,2
DA:94,1
DA:95,1
DA:98,2
DA:106,83
DA:107,23
DA:115,1
DA:116,1
DA:117,1
DA:125,6
LF:27
LH:27
BRDA:24,0,0,6
BRDA:24,0,1,6
BRDA:29,1,0,6
BRDA:29,1,1,2
BRDA:30,2,0,6
BRDA:30,2,1,0
BRDA:36,3,0,1
BRDA:36,3,1,5
BRDA:36,4,0,6
BRDA:36,4,1,5
BRDA:42,5,0,1
BRDA:42,5,1,0
BRDA:48,6,0,1
BRDA:48,6,1,4
BRDA:53,7,0,1
BRDA:53,7,1,0
BRDA:58,8,0,1
BRDA:58,8,1,3
BRDA:63,9,0,1
BRDA:63,9,1,0
BRDA:69,10,0,1
BRDA:69,10,1,2
BRDA:80,11,0,2
BRDA:80,11,1,1
BRDA:81,12,0,0
BRDA:81,12,1,2
BRDA:93,13,0,1
BRDA:93,13,1,1
BRDA:115,14,0,1
BRDA:115,14,1,0
BRDA:116,15,0,1
BRDA:116,15,1,1
BRDA:116,15,2,0
BRF:33
BRH:26
end_of_record
TN:
SF:middleware/rateLimiter.js
FN:45,(anonymous_0)
FN:51,(anonymous_1)
FN:57,(anonymous_2)
FN:76,(anonymous_3)
FN:79,(anonymous_4)
FN:99,socketRateLimit
FNF:6
FNH:6
FNDA:1,(anonymous_0)
FNDA:202,(anonymous_1)
FNDA:16860,(anonymous_2)
FNDA:1,(anonymous_3)
FNDA:11,(anonymous_4)
FNDA:202,socketRateLimit
DA:5,1
DA:6,1
DA:7,1
DA:12,1
DA:28,1
DA:46,1
DA:47,1
DA:48,1
DA:52,202
DA:53,202
DA:56,202
DA:57,16860
DA:60,202
DA:61,81
DA:65,121
DA:66,121
DA:69,121
DA:70,1
DA:73,121
DA:77,1
DA:78,2
DA:79,11
DA:82,2
DA:83,0
DA:85,2
DA:91,1
DA:100,202
DA:102,202
DA:103,81
DA:106,121
DA:109,1
LF:31
LH:30
BRDA:53,0,0,202
BRDA:53,0,1,2
BRDA:60,1,0,81
BRDA:60,1,1,121
BRDA:69,2,0,1
BRDA:69,2,1,120
BRDA:82,3,0,0
BRDA:82,3,1,2
BRDA:102,4,0,81
BRDA:102,4,1,121
BRF:10
BRH:9
end_of_record
TN:
SF:middleware/socketAuth.js
FN:12,socketAuth
FN:26,(anonymous_1)
FN:47,requireSocketAuth
FNF:3
FNH:3
FNDA:5,socketAuth
FNDA:4,(anonymous_1)
FNDA:2,requireSocketAuth
DA:5,1
DA:6,1
DA:7,1
DA:13,5
DA:15,5
DA:17,5
DA:20,1
DA:21,1
DA:22,1
DA:26,4
DA:27,4
DA:28,1
DA:29,1
DA:30,1
DA:33,3
DA:34,3
DA:35,3
DA:38,0
DA:39,0
DA:40,0
DA:48,2
DA:49,1
DA:51,1
DA:54,1
LF:24
LH:21
BRDA:15,0,0,5
BRDA:15,0,1,2
BRDA:17,1,0,1
BRDA:17,1,1,4
BRDA:27,2,0,1
BRDA:27,2,1,3
BRDA:48,3,0,1
BRDA:48,3,1,1
BRF:8
BRH:8
end_of_record
TN:
SF:middleware/validators.js
FN:11,validateRequest
FNF:1
FNH:1
FNDA:18,validateRequest
DA:5,6
DA:6,6
DA:12,18
DA:14,18
DA:15,3
DA:18,15
DA:21,6
LF:7
LH:7
BRDA:14,0,0,3
BRDA:14,0,1,15
BRF:2
BRH:2
end_of_record
TN:
SF:repositories/deviceRepository.js
FN:12,(anonymous_0)
FN:21,(anonymous_1)
FN:40,(anonymous_2)
FN:63,(anonymous_3)
FN:73,(anonymous_4)
FN:89,(anonymous_5)
FN:93,(anonymous_6)
FN:96,(anonymous_7)
FN:109,(anonymous_8)
FN:128,(anonymous_9)
FN:194,(anonymous_10)
FN:254,(anonymous_11)
FN:280,(anonymous_12)
FNF:13
FNH:11
FNDA:66,(anonymous_0)
FNDA:66,(anonymous_1)
FNDA:0,(anonymous_2)
FNDA:61,(anonymous_3)
FNDA:17,(anonymous_4)
FNDA:0,(anonymous_5)
FNDA:14,(anonymous_6)
FNDA:6,(anonymous_7)
FNDA:29,(anonymous_8)
FNDA:52,(anonymous_9)
FNDA:10,(anonymous_10)
FNDA:5,(anonymous_11)
FNDA:2,(anonymous_12)
DA:5,11
DA:6,11
DA:7,11
DA:9,11
DA:13,66
DA:14,66
DA:15,66
DA:22,66
DA:23,66
DA:24,66
DA:25,66
DA:26,66
DA:29,0
DA:30,0
DA:31,0
DA:32,0
DA:34,0
DA:35,0
DA:36,0
DA:41,0
DA:42,0
DA:64,61
DA:65,21
DA:66,16
DA:74,17
DA:75,17
DA:76,0
DA:77,0
DA:78,0
DA:80,0
DA:81,0
DA:84,0
DA:89,0
DA:91,17
DA:92,17
DA:93,14
DA:95,17
DA:96,6
DA:98,17
DA:101,0
DA:102,0
DA:110,29
DA:111,29
DA:112,0
DA:115,0
DA:118,29
DA:120,0
DA:121,0
DA:129,52
DA:130,52
DA:131,0
DA:132,0
DA:133,0
DA:150,0
DA:169,0
DA:172,52
DA:183,52
DA:184,52
DA:186,0
DA:187,0
DA:195,10
DA:196,10
DA:197,0
DA:200,0
DA:201,0
DA:204,0
DA:219,0
DA:224,0
DA:227,10
DA:228,10
DA:229,1
DA:232,9
DA:243,9
DA:244,9
DA:246,0
DA:247,0
DA:255,5
DA:256,5
DA:257,0
DA:258,0
DA:261,0
DA:263,0
DA:264,0
DA:266,0
DA:270,5
DA:272,0
DA:273,0
DA:281,2
DA:282,2
DA:283,0
DA:287,0
DA:290,2
DA:292,0
DA:293,0
DA:298,11
LF:95
LH:46
BRDA:13,0,0,66
BRDA:13,0,1,66
BRDA:22,1,0,66
BRDA:22,1,1,0
BRDA:41,2,0,0
BRDA:41,2,1,0
BRDA:50,3,0,0
BRDA:50,3,1,0
BRDA:51,4,0,0
BRDA:51,4,1,0
BRDA:52,5,0,0
BRDA:52,5,1,0
BRDA:58,6,0,0
BRDA:58,6,1,0
BRDA:59,7,0,0
BRDA:59,7,1,0
BRDA:63,8,0,0
BRDA:64,9,0,40
BRDA:64,9,1,21
BRDA:65,10,0,5
BRDA:65,10,1,16
BRDA:73,11,0,4
BRDA:75,12,0,0
BRDA:75,12,1,17
BRDA:77,13,0,0
BRDA:77,13,1,0
BRDA:80,14,0,0
BRDA:80,14,1,0
BRDA:92,15,0,6
BRDA:92,15,1,11
BRDA:93,16,0,14
BRDA:93,16,1,0
BRDA:95,17,0,3
BRDA:95,17,1,14
BRDA:111,18,0,0
BRDA:111,18,1,29
BRDA:118,19,0,29
BRDA:118,19,1,15
BRDA:130,20,0,0
BRDA:130,20,1,52
BRDA:132,21,0,0
BRDA:132,21,1,0
BRDA:135,22,0,0
BRDA:135,22,1,0
BRDA:136,23,0,0
BRDA:136,23,1,0
BRDA:137,24,0,0
BRDA:137,24,1,0
BRDA:138,25,0,0
BRDA:138,25,1,0
BRDA:139,26,0,0
BRDA:139,26,1,0
BRDA:140,27,0,0
BRDA:140,27,1,0
BRDA:140,27,2,0
BRDA:141,28,0,0
BRDA:141,28,1,0
BRDA:142,29,0,0
BRDA:142,29,1,0
BRDA:143,30,0,0
BRDA:143,30,1,0
BRDA:145,31,0,0
BRDA:145,31,1,0
BRDA:146,32,0,0
BRDA:146,32,1,0
BRDA:147,33,0,0
BRDA:147,33,1,0
BRDA:174,34,0,52
BRDA:174,34,1,1
BRDA:175,35,0,52
BRDA:175,35,1,46
BRDA:176,36,0,52
BRDA:176,36,1,12
BRDA:178,37,0,52
BRDA:178,37,1,52
BRDA:179,38,0,52
BRDA:179,38,1,52
BRDA:196,39,0,0
BRDA:196,39,1,10
BRDA:200,40,0,0
BRDA:200,40,1,0
BRDA:205,41,0,0
BRDA:205,41,1,0
BRDA:206,42,0,0
BRDA:206,42,1,0
BRDA:207,43,0,0
BRDA:207,43,1,0
BRDA:207,43,2,0
BRDA:208,44,0,0
BRDA:208,44,1,0
BRDA:209,45,0,0
BRDA:209,45,1,0
BRDA:210,46,0,0
BRDA:210,46,1,0
BRDA:211,47,0,0
BRDA:211,47,1,0
BRDA:212,48,0,0
BRDA:212,48,1,0
BRDA:213,49,0,0
BRDA:213,49,1,0
BRDA:214,50,0,0
BRDA:214,50,1,0
BRDA:215,51,0,0
BRDA:215,51,1,0
BRDA:216,52,0,0
BRDA:216,52,1,0
BRDA:228,53,0,1
BRDA:228,53,1,9
BRDA:235,54,0,9
BRDA:235,54,1,7
BRDA:235,54,2,0
BRDA:236,55,0,9
BRDA:236,55,1,9
BRDA:236,55,2,7
BRDA:237,56,0,9
BRDA:237,56,1,9
BRDA:238,57,0,9
BRDA:238,57,1,4
BRDA:239,58,0,9
BRDA:239,58,1,7
BRDA:239,58,2,7
BRDA:240,59,0,9
BRDA:240,59,1,9
BRDA:240,59,2,0
BRDA:256,60,0,0
BRDA:256,60,1,5
BRDA:263,61,0,0
BRDA:263,61,1,0
BRDA:282,62,0,0
BRDA:282,62,1,2
BRF:130
BRH:47
end_of_record
TN:
SF:routes/health.js
FN:21,(anonymous_0)
FN:38,(anonymous_1)
FN:70,(anonymous_2)
FNF:3
FNH:3
FNDA:1,(anonymous_0)
FNDA:1,(anonymous_1)
FNDA:1,(anonymous_2)
DA:5,5
DA:6,5
DA:7,5
DA:8,5
DA:9,5
DA:10,5
DA:11,5
DA:13,5
DA:19,5
DA:22,1
DA:24,1
DA:36,5
DA:39,1
DA:40,1
DA:42,1
DA:68,5
DA:71,1
DA:73,1
DA:80,5
LF:19
LH:19
BRF:0
BRH:0
end_of_record
TN:
SF:routes/uploads.js
FN:21,(anonymous_0)
FN:24,(anonymous_1)
FN:46,(anonymous_2)
FNF:3
FNH:3
FNDA:1,(anonymous_0)
FNDA:1,(anonymous_1)
FNDA:2,(anonymous_2)
DA:5,5
DA:6,5
DA:7,5
DA:8,5
DA:9,5
DA:10,5
DA:11,5
DA:12,5
DA:15,5
DA:16,0
DA:20,5
DA:22,1
DA:25,1
DA:26,1
DA:27,1
DA:28,1
DA:32,5
DA:43,5
DA:47,2
DA:48,1
DA:56,1
DA:57,1
DA:58,1
DA:61,1
DA:62,1
DA:63,1
DA:65,1
DA:66,1
DA:67,1
DA:68,1
DA:69,1
DA:70,1
DA:74,1
DA:75,1
DA:83,1
DA:93,1
DA:95,1
DA:102,5
LF:38
LH:37
BRDA:15,0,0,0
BRDA:15,0,1,5
BRDA:25,1,0,1
BRDA:25,1,1,0
BRDA:47,2,0,1
BRDA:47,2,1,1
BRDA:57,3,0,1
BRDA:57,3,1,0
BRDA:68,4,0,1
BRDA:68,4,1,0
BRDA:74,5,0,1
BRDA:74,5,1,0
BRDA:93,6,0,1
BRDA:93,6,1,0
BRF:14
BRH:8
end_of_record
TN:
SF:routes/api/merchant/banks.js
FN:42,(anonymous_0)
FNF:1
FNH:1
FNDA:1,(anonymous_0)
DA:2,1
DA:3,1
DA:6,1
DA:42,1
DA:43,1
DA:44,1
DA:50,0
DA:57,1
LF:8
LH:7
BRF:0
BRH:0
end_of_record
TN:
SF:routes/api/v1/actions.js
FN:23,(anonymous_0)
FN:52,(anonymous_1)
FNF:2
FNH:2
FNDA:2,(anonymous_0)
FNDA:1,(anonymous_1)
DA:5,5
DA:6,5
DA:7,5
DA:8,5
DA:9,5
DA:15,5
DA:24,2
DA:25,2
DA:26,0
DA:31,2
DA:33,2
DA:39,1
DA:50,5
DA:53,1
DA:54,1
DA:55,0
DA:60,1
DA:62,1
DA:70,5
LF:19
LH:17
BRDA:25,0,0,0
BRDA:25,0,1,2
BRDA:54,1,0,0
BRDA:54,1,1,1
BRF:4
BRH:2
end_of_record
TN:
SF:routes/api/v1/devices.js
FN:26,(anonymous_0)
FN:59,(anonymous_1)
FNF:2
FNH:2
FNDA:3,(anonymous_0)
FNDA:3,(anonymous_1)
DA:5,5
DA:6,5
DA:7,5
DA:8,5
DA:9,5
DA:10,5
DA:19,5
DA:27,3
DA:30,3
DA:31,3
DA:32,1
DA:34,3
DA:35,0
DA:38,3
DA:40,3
DA:53,5
DA:60,3
DA:61,3
DA:63,1
DA:70,5
LF:20
LH:19
BRDA:31,0,0,1
BRDA:31,0,1,2
BRDA:34,1,0,0
BRDA:34,1,1,3
BRF:4
BRH:3
end_of_record
TN:
SF:routes/api/v1/index.js
FNF:0
FNH:0
DA:2,5
DA:3,5
DA:5,5
DA:6,5
DA:7,5
DA:9,5
DA:10,5
DA:11,5
DA:13,5
LF:9
LH:9
BRF:0
BRH:0
end_of_record
TN:
SF:routes/api/v1/screenControl.js
FN:25,(anonymous_0)
FN:54,(anonymous_1)
FN:85,(anonymous_2)
FN:113,(anonymous_3)
FN:141,(anonymous_4)
FN:169,(anonymous_5)
FN:199,(anonymous_6)
FN:234,(anonymous_7)
FNF:8
FNH:6
FNDA:1,(anonymous_0)
FNDA:1,(anonymous_1)
FNDA:0,(anonymous_2)
FNDA:1,(anonymous_3)
FNDA:1,(anonymous_4)
FNDA:1,(anonymous_5)
FNDA:1,(anonymous_6)
FNDA:0,(anonymous_7)
DA:5,5
DA:6,5
DA:7,5
DA:8,5
DA:9,5
DA:15,5
DA:26,1
DA:27,1
DA:28,0
DA:33,1
DA:35,1
DA:37,1
DA:48,5
DA:55,1
DA:56,1
DA:57,0
DA:63,1
DA:65,1
DA:76,5
DA:86,0
DA:87,0
DA:89,0
DA:90,0
DA:91,0
DA:92,0
DA:94,0
DA:96,0
DA:107,5
DA:114,1
DA:115,1
DA:116,0
DA:122,1
DA:124,1
DA:135,5
DA:142,1
DA:143,1
DA:144,0
DA:150,1
DA:152,1
DA:163,5
DA:170,1
DA:171,1
DA:172,0
DA:178,1
DA:180,1
DA:191,5
DA:200,1
DA:201,1
DA:202,0
DA:207,1
DA:209,1
DA:215,1
DA:217,1
DA:228,5
DA:235,0
DA:236,0
DA:237,0
DA:243,0
DA:245,0
DA:252,5
LF:60
LH:41
BRDA:27,0,0,0
BRDA:27,0,1,1
BRDA:56,1,0,0
BRDA:56,1,1,1
BRDA:90,2,0,0
BRDA:90,2,1,0
BRDA:91,3,0,0
BRDA:91,3,1,0
BRDA:92,4,0,0
BRDA:92,4,1,0
BRDA:115,5,0,0
BRDA:115,5,1,1
BRDA:143,6,0,0
BRDA:143,6,1,1
BRDA:171,7,0,0
BRDA:171,7,1,1
BRDA:201,8,0,0
BRDA:201,8,1,1
BRDA:236,9,0,0
BRDA:236,9,1,0
BRF:20
BRH:6
end_of_record
TN:
SF:services/actionService.js
FN:10,(anonymous_0)
FN:56,(anonymous_1)
FN:85,(anonymous_2)
FN:123,(anonymous_3)
FN:130,(anonymous_4)
FNF:5
FNH:5
FNDA:14,(anonymous_0)
FNDA:13,(anonymous_1)
FNDA:2,(anonymous_2)
FNDA:6,(anonymous_3)
FNDA:118,(anonymous_4)
DA:5,2
DA:6,2
DA:7,2
DA:11,14
DA:12,14
DA:18,14
DA:57,13
DA:59,13
DA:60,2
DA:64,11
DA:65,2
DA:69,9
DA:70,9
DA:73,9
DA:74,1
DA:78,8
DA:81,8
DA:82,8
DA:83,1
DA:84,7
DA:85,6
DA:92,8
DA:98,8
DA:99,2
DA:104,8
DA:106,8
DA:113,5
DA:114,5
DA:124,6
DA:125,2
DA:128,4
DA:130,118
DA:134,2
LF:33
LH:33
BRDA:59,0,0,2
BRDA:59,0,1,11
BRDA:64,1,0,2
BRDA:64,1,1,9
BRDA:64,2,0,11
BRDA:64,2,1,10
BRDA:70,3,0,9
BRDA:70,3,1,0
BRDA:73,4,0,1
BRDA:73,4,1,8
BRDA:78,5,0,8
BRDA:78,5,1,0
BRDA:82,6,0,1
BRDA:82,6,1,7
BRDA:84,7,0,6
BRDA:84,7,1,1
BRDA:84,8,0,7
BRDA:84,8,1,6
BRDA:98,9,0,2
BRDA:98,9,1,6
BRDA:98,10,0,8
BRDA:98,10,1,7
BRDA:123,11,0,2
BRDA:124,12,0,2
BRDA:124,12,1,4
BRF:25
BRH:23
end_of_record
TN:
SF:services/credentialCapture.js
FN:5,(anonymous_0)
FN:18,(anonymous_1)
FN:121,(anonymous_2)
FNF:3
FNH:3
FNDA:4,(anonymous_0)
FNDA:3,(anonymous_1)
FNDA:1,(anonymous_2)
DA:6,4
DA:7,4
DA:8,4
DA:27,3
DA:30,3
DA:31,3
DA:32,1
DA:36,2
DA:38,2
DA:40,1
DA:44,1
DA:60,1
DA:75,2
DA:84,2
DA:85,2
DA:88,2
DA:108,2
DA:122,1
DA:123,1
DA:124,0
DA:128,1
DA:129,1
DA:130,1
DA:136,1
DA:140,1
DA:153,1
DA:154,1
DA:156,1
DA:157,0
DA:159,1
DA:160,0
DA:164,1
DA:176,1
DA:180,1
LF:34
LH:31
BRDA:18,0,0,1
BRDA:24,1,0,3
BRDA:26,2,0,3
BRDA:30,3,0,3
BRDA:30,3,1,3
BRDA:30,3,2,1
BRDA:31,4,0,1
BRDA:31,4,1,2
BRDA:38,5,0,1
BRDA:38,5,1,1
BRDA:40,6,0,1
BRDA:40,6,1,0
BRDA:41,7,0,0
BRDA:41,7,1,0
BRDA:46,8,0,1
BRDA:46,8,1,1
BRDA:46,8,2,1
BRDA:47,9,0,1
BRDA:47,9,1,1
BRDA:49,10,0,1
BRDA:49,10,1,1
BRDA:50,11,0,1
BRDA:50,11,1,0
BRDA:51,12,0,1
BRDA:51,12,1,1
BRDA:52,13,0,1
BRDA:52,13,1,0
BRDA:54,14,0,1
BRDA:54,14,1,1
BRDA:61,15,0,1
BRDA:61,15,1,1
BRDA:61,15,2,1
BRDA:62,16,0,1
BRDA:62,16,1,1
BRDA:65,17,0,1
BRDA:65,17,1,0
BRDA:69,18,0,1
BRDA:69,18,1,1
BRDA:84,19,0,2
BRDA:84,19,1,1
BRDA:101,20,0,2
BRDA:101,20,1,2
BRDA:102,21,0,2
BRDA:102,21,1,2
BRDA:103,22,0,2
BRDA:103,22,1,2
BRDA:121,23,0,0
BRDA:123,24,0,0
BRDA:123,24,1,1
BRDA:129,25,0,1
BRDA:129,25,1,0
BRDA:129,26,0,1
BRDA:129,26,1,0
BRDA:129,26,2,0
BRDA:129,26,3,0
BRDA:141,27,0,1
BRDA:141,27,1,0
BRDA:142,28,0,1
BRDA:142,28,1,0
BRDA:153,29,0,1
BRDA:153,29,1,0
BRDA:156,30,0,0
BRDA:156,30,1,1
BRDA:159,31,0,0
BRDA:159,31,1,1
BRDA:165,32,0,1
BRDA:165,32,1,0
BRDA:166,33,0,1
BRDA:166,33,1,0
BRF:69
BRH:50
end_of_record
TN:
SF:services/deviceService.js
FN:10,(anonymous_0)
FN:20,(anonymous_1)
FN:49,(anonymous_2)
FN:84,(anonymous_3)
FN:117,(anonymous_4)
FN:161,(anonymous_5)
FN:179,(anonymous_6)
FN:191,(anonymous_7)
FN:198,(anonymous_8)
FN:210,(anonymous_9)
FNF:10
FNH:10
FNDA:45,(anonymous_0)
FNDA:8,(anonymous_1)
FNDA:7,(anonymous_2)
FNDA:10,(anonymous_3)
FNDA:13,(anonymous_4)
FNDA:5,(anonymous_5)
FNDA:1,(anonymous_6)
FNDA:12,(anonymous_7)
FNDA:15,(anonymous_8)
FNDA:2,(anonymous_9)
DA:5,10
DA:6,10
DA:7,10
DA:11,45
DA:12,45
DA:13,45
DA:21,8
DA:22,8
DA:23,8
DA:25,8
DA:26,7
DA:27,7
DA:39,8
DA:41,0
DA:42,0
DA:50,7
DA:51,7
DA:53,7
DA:54,3
DA:57,4
DA:58,4
DA:60,4
DA:74,3
DA:75,3
DA:85,10
DA:87,10
DA:88,3
DA:90,7
DA:93,10
DA:95,10
DA:96,1
DA:102,9
DA:109,0
DA:110,0
DA:118,13
DA:119,13
DA:121,13
DA:122,1
DA:125,12
DA:151,12
DA:153,0
DA:154,0
DA:162,5
DA:163,5
DA:165,5
DA:166,4
DA:169,5
DA:171,0
DA:172,0
DA:180,1
DA:181,1
DA:183,0
DA:184,0
DA:192,12
DA:199,15
DA:200,15
DA:201,15
DA:202,3
DA:211,2
DA:212,2
DA:217,10
LF:61
LH:51
BRDA:20,0,0,3
BRDA:26,1,0,7
BRDA:26,1,1,0
BRDA:26,2,0,7
BRDA:26,2,1,7
BRDA:26,2,2,7
BRDA:32,3,0,7
BRDA:32,3,1,0
BRDA:33,4,0,7
BRDA:33,4,1,7
BRDA:53,5,0,3
BRDA:53,5,1,4
BRDA:58,6,0,4
BRDA:58,6,1,0
BRDA:58,7,0,4
BRDA:58,7,1,4
BRDA:58,7,2,4
BRDA:66,8,0,4
BRDA:66,8,1,0
BRDA:67,9,0,4
BRDA:67,9,1,4
BRDA:71,10,0,4
BRDA:71,10,1,3
BRDA:87,11,0,3
BRDA:87,11,1,7
BRDA:95,12,0,1
BRDA:95,12,1,9
BRDA:105,13,0,9
BRDA:105,13,1,0
BRDA:121,14,0,1
BRDA:121,14,1,12
BRDA:165,15,0,4
BRDA:165,15,1,1
BRDA:192,16,0,12
BRDA:192,16,1,12
BRDA:192,16,2,12
BRDA:192,16,3,12
BRDA:199,17,0,15
BRDA:199,17,1,0
BRDA:199,18,0,15
BRDA:199,18,1,15
BRDA:201,19,0,3
BRDA:201,19,1,12
BRDA:201,20,0,15
BRDA:201,20,1,3
BRDA:211,21,0,2
BRDA:211,21,1,0
BRDA:211,22,0,2
BRDA:211,22,1,2
BRF:49
BRH:42
end_of_record
TN:
SF:services/encryption.js
FN:7,(anonymous_0)
FN:20,(anonymous_1)
FN:42,(anonymous_2)
FNF:3
FNH:3
FNDA:7,(anonymous_0)
FNDA:5,(anonymous_1)
FNDA:2,(anonymous_2)
DA:4,2
DA:8,7
DA:9,1
DA:11,6
DA:12,6
DA:21,5
DA:22,5
DA:24,5
DA:25,5
DA:26,5
DA:28,5
DA:30,5
DA:43,2
DA:49,2
DA:51,2
DA:52,2
DA:54,2
DA:55,2
DA:57,1
DA:62,2
LF:20
LH:20
BRDA:8,0,0,1
BRDA:8,0,1,6
BRDA:24,1,0,1
BRDA:24,1,1,4
BRF:4
BRH:4
end_of_record
TN:
SF:services/fileStorage.js
FN:9,(anonymous_0)
FN:19,(anonymous_1)
FN:32,(anonymous_2)
FN:46,(anonymous_3)
FN:58,(anonymous_4)
FN:75,(anonymous_5)
FNF:6
FNH:6
FNDA:3,(anonymous_0)
FNDA:3,(anonymous_1)
FNDA:2,(anonymous_2)
FNDA:2,(anonymous_3)
FNDA:2,(anonymous_4)
FNDA:1,(anonymous_5)
DA:4,1
DA:5,1
DA:6,1
DA:10,3
DA:11,3
DA:12,3
DA:13,3
DA:20,3
DA:21,3
DA:22,3
DA:33,2
DA:34,2
DA:35,2
DA:37,2
DA:38,2
DA:47,2
DA:48,2
DA:49,2
DA:50,2
DA:59,2
DA:61,1
DA:63,0
DA:65,0
DA:67,1
DA:76,1
DA:80,1
LF:26
LH:24
BRDA:10,0,0,3
BRDA:10,0,1,0
BRDA:32,1,0,0
BRDA:59,2,0,1
BRDA:59,2,1,0
BRDA:59,2,2,0
BRDA:59,2,3,1
BRF:7
BRH:3
end_of_record
TN:
SF:services/remoteControlService.js
FN:9,(anonymous_0)
FN:19,(anonymous_1)
FN:69,(anonymous_2)
FN:105,(anonymous_3)
FN:151,(anonymous_4)
FN:219,(anonymous_5)
FN:237,(anonymous_6)
FN:245,(anonymous_7)
FNF:8
FNH:8
FNDA:30,(anonymous_0)
FNDA:17,(anonymous_1)
FNDA:4,(anonymous_2)
FNDA:8,(anonymous_3)
FNDA:19,(anonymous_4)
FNDA:3,(anonymous_5)
FNDA:7,(anonymous_6)
FNDA:1,(anonymous_7)
DA:5,3
DA:6,3
DA:10,30
DA:11,30
DA:13,30
DA:20,17
DA:22,17
DA:23,1
DA:27,16
DA:28,1
DA:32,15
DA:40,15
DA:43,15
DA:46,15
DA:47,15
DA:53,15
DA:55,15
DA:61,2
DA:62,2
DA:70,4
DA:72,4
DA:73,1
DA:77,3
DA:80,3
DA:83,3
DA:84,3
DA:90,3
DA:92,3
DA:97,1
DA:98,1
DA:106,8
DA:108,8
DA:109,1
DA:113,7
DA:116,7
DA:117,7
DA:118,0
DA:122,7
DA:125,7
DA:133,7
DA:135,7
DA:137,7
DA:143,1
DA:144,1
DA:152,19
DA:153,2
DA:156,17
DA:157,1
DA:160,16
DA:161,16
DA:162,1
DA:165,15
DA:166,1
DA:170,14
DA:172,7
DA:173,1
DA:175,6
DA:176,1
DA:178,5
DA:181,2
DA:187,0
DA:189,2
DA:192,3
DA:193,0
DA:195,3
DA:196,0
DA:198,3
DA:201,2
DA:207,0
DA:209,2
DA:212,0
DA:220,3
DA:221,3
DA:222,1
DA:227,2
DA:238,7
DA:239,7
DA:246,1
DA:249,1
DA:250,1
DA:257,1
DA:261,3
LF:82
LH:76
BRDA:22,0,0,1
BRDA:22,0,1,16
BRDA:27,1,0,1
BRDA:27,1,1,15
BRDA:46,2,0,15
BRDA:46,2,1,0
BRDA:46,3,0,15
BRDA:46,3,1,15
BRDA:72,4,0,1
BRDA:72,4,1,3
BRDA:83,5,0,3
BRDA:83,5,1,0
BRDA:83,6,0,3
BRDA:83,6,1,3
BRDA:108,7,0,1
BRDA:108,7,1,7
BRDA:117,8,0,0
BRDA:117,8,1,7
BRDA:117,9,0,7
BRDA:117,9,1,7
BRDA:129,10,0,7
BRDA:129,10,1,6
BRDA:152,11,0,2
BRDA:152,11,1,17
BRDA:152,12,0,19
BRDA:152,12,1,18
BRDA:156,13,0,1
BRDA:156,13,1,16
BRDA:156,14,0,17
BRDA:156,14,1,16
BRDA:161,15,0,1
BRDA:161,15,1,15
BRDA:165,16,0,1
BRDA:165,16,1,14
BRDA:165,17,0,15
BRDA:165,17,1,14
BRDA:170,18,0,7
BRDA:170,18,1,2
BRDA:170,18,2,3
BRDA:170,18,3,2
BRDA:170,18,4,0
BRDA:172,19,0,1
BRDA:172,19,1,6
BRDA:172,20,0,7
BRDA:172,20,1,6
BRDA:175,21,0,1
BRDA:175,21,1,5
BRDA:181,22,0,0
BRDA:181,22,1,2
BRDA:182,23,0,2
BRDA:182,23,1,2
BRDA:182,23,2,2
BRDA:182,23,3,2
BRDA:192,24,0,0
BRDA:192,24,1,3
BRDA:192,25,0,3
BRDA:192,25,1,1
BRDA:195,26,0,0
BRDA:195,26,1,3
BRDA:201,27,0,0
BRDA:201,27,1,2
BRDA:202,28,0,2
BRDA:202,28,1,2
BRDA:202,28,2,2
BRDA:202,28,3,2
BRDA:221,29,0,1
BRDA:221,29,1,2
BRDA:239,30,0,7
BRDA:239,30,1,2
BRDA:249,31,0,1
BRDA:249,31,1,0
BRDA:249,32,0,1
BRDA:249,32,1,1
BRF:73
BRH:64
end_of_record
TN:
SF:services/screenStreamService.js
FN:9,(anonymous_0)
FN:23,(anonymous_1)
FN:36,(anonymous_2)
FN:105,(anonymous_3)
FN:143,(anonymous_4)
FN:198,(anonymous_5)
FN:258,(anonymous_6)
FN:282,(anonymous_7)
FN:290,(anonymous_8)
FNF:9
FNH:9
FNDA:25,(anonymous_0)
FNDA:19,(anonymous_1)
FNDA:20,(anonymous_2)
FNDA:5,(anonymous_3)
FNDA:6,(anonymous_4)
FNDA:13,(anonymous_5)
FNDA:6,(anonymous_6)
FNDA:7,(anonymous_7)
FNDA:1,(anonymous_8)
DA:5,3
DA:6,3
DA:10,25
DA:11,25
DA:13,25
DA:15,25
DA:17,25
DA:24,19
DA:37,20
DA:39,20
DA:40,1
DA:44,19
DA:45,1
DA:49,18
DA:55,18
DA:58,18
DA:65,18
DA:74,18
DA:77,18
DA:82,18
DA:83,18
DA:89,18
DA:91,18
DA:97,2
DA:98,2
DA:106,5
DA:108,5
DA:109,1
DA:113,4
DA:116,4
DA:117,4
DA:118,4
DA:121,4
DA:122,4
DA:128,4
DA:130,4
DA:135,1
DA:136,1
DA:144,6
DA:146,6
DA:147,1
DA:151,5
DA:154,5
DA:160,5
DA:161,2
DA:164,3
DA:165,2
DA:169,1
DA:172,1
DA:173,1
DA:174,1
DA:178,1
DA:182,1
DA:184,1
DA:190,5
DA:191,5
DA:199,13
DA:201,13
DA:202,1
DA:203,1
DA:207,12
DA:208,12
DA:209,0
DA:213,12
DA:216,12
DA:217,12
DA:218,0
DA:222,12
DA:232,12
DA:233,12
DA:234,5
DA:237,12
DA:240,12
DA:241,12
DA:245,12
DA:246,0
DA:247,0
DA:248,0
DA:251,0
DA:259,6
DA:260,6
DA:261,2
DA:266,4
DA:267,4
DA:269,4
DA:283,7
DA:284,7
DA:291,1
DA:292,1
DA:293,1
DA:296,1
DA:297,1
DA:304,1
DA:308,3
LF:94
LH:88
BRDA:36,0,0,17
BRDA:39,1,0,1
BRDA:39,1,1,19
BRDA:44,2,0,1
BRDA:44,2,1,18
BRDA:82,3,0,18
BRDA:82,3,1,0
BRDA:82,4,0,18
BRDA:82,4,1,18
BRDA:108,5,0,1
BRDA:108,5,1,4
BRDA:121,6,0,4
BRDA:121,6,1,0
BRDA:121,7,0,4
BRDA:121,7,1,4
BRDA:146,8,0,1
BRDA:146,8,1,5
BRDA:151,9,0,5
BRDA:151,9,1,0
BRDA:160,10,0,2
BRDA:160,10,1,3
BRDA:160,11,0,5
BRDA:160,11,1,4
BRDA:164,12,0,2
BRDA:164,12,1,1
BRDA:164,13,0,3
BRDA:164,13,1,2
BRDA:173,14,0,1
BRDA:173,14,1,0
BRDA:201,15,0,1
BRDA:201,15,1,12
BRDA:208,16,0,0
BRDA:208,16,1,12
BRDA:208,17,0,12
BRDA:208,17,1,12
BRDA:217,18,0,0
BRDA:217,18,1,12
BRDA:224,19,0,12
BRDA:224,19,1,0
BRDA:224,19,2,0
BRDA:225,20,0,12
BRDA:225,20,1,0
BRDA:228,21,0,12
BRDA:228,21,1,12
BRDA:233,22,0,5
BRDA:233,22,1,7
BRDA:240,23,0,12
BRDA:240,23,1,0
BRDA:240,24,0,12
BRDA:240,24,1,12
BRDA:245,25,0,0
BRDA:245,25,1,12
BRDA:260,26,0,2
BRDA:260,26,1,4
BRDA:273,27,0,4
BRDA:273,27,1,0
BRDA:274,28,0,4
BRDA:274,28,1,2
BRDA:275,29,0,4
BRDA:275,29,1,2
BRDA:284,30,0,7
BRDA:284,30,1,2
BRDA:296,31,0,1
BRDA:296,31,1,0
BRDA:296,32,0,1
BRDA:296,32,1,1
BRF:66
BRH:53
end_of_record
TN:
SF:sockets/connectionHandler.js
FN:11,handleConnection
FN:61,handleDisconnection
FNF:2
FNH:2
FNDA:6,handleConnection
FNDA:2,handleDisconnection
DA:5,1
DA:6,1
DA:12,6
DA:14,6
DA:15,6
DA:16,6
DA:17,6
DA:20,6
DA:23,6
DA:33,6
DA:36,6
DA:39,6
DA:40,6
DA:41,6
DA:42,6
DA:43,6
DA:45,6
DA:48,6
DA:53,0
DA:54,0
DA:62,2
DA:63,2
DA:64,2
DA:66,2
DA:68,2
DA:74,2
DA:80,2
DA:83,0
DA:87,1
LF:29
LH:26
BRDA:14,0,0,6
BRDA:14,0,1,0
BRDA:15,1,0,6
BRDA:15,1,1,0
BRDA:16,2,0,6
BRDA:16,2,1,0
BRDA:63,3,0,2
BRDA:63,3,1,0
BRDA:66,4,0,2
BRDA:66,4,1,0
BRF:10
BRH:5
end_of_record
TN:
SF:sockets/dataHandlers.js
FN:11,handleData
FN:46,handleCommandResponse
FN:81,handleMessage
FN:100,handleFile
FNF:4
FNH:4
FNDA:3,handleData
FNDA:1,handleCommandResponse
FNDA:1,handleMessage
FNDA:1,handleFile
DA:5,1
DA:6,1
DA:12,3
DA:13,3
DA:14,3
DA:16,3
DA:17,1
DA:18,1
DA:22,2
DA:25,2
DA:28,2
DA:31,2
DA:37,2
DA:39,0
DA:47,1
DA:48,1
DA:49,1
DA:51,1
DA:52,0
DA:53,0
DA:57,1
DA:60,1
DA:63,1
DA:66,1
DA:72,1
DA:74,0
DA:82,1
DA:83,1
DA:86,1
DA:91,1
DA:93,0
DA:101,1
DA:102,1
DA:105,1
DA:108,1
DA:113,1
DA:115,0
DA:119,1
LF:38
LH:32
BRDA:13,0,0,3
BRDA:13,0,1,0
BRDA:16,1,0,1
BRDA:16,1,1,2
BRDA:22,2,0,2
BRDA:22,2,1,0
BRDA:48,3,0,1
BRDA:48,3,1,0
BRDA:51,4,0,0
BRDA:51,4,1,1
BRDA:57,5,0,1
BRDA:57,5,1,0
BRDA:83,6,0,1
BRDA:83,6,1,0
BRDA:102,7,0,1
BRDA:102,7,1,0
BRF:16
BRH:9
end_of_record
TN:
SF:sockets/errorHandler.js
FN:10,handleSocketError
FN:25,handleSocketDisconnect
FNF:2
FNH:2
FNDA:2,handleSocketError
FNDA:2,handleSocketDisconnect
DA:5,1
DA:11,2
DA:19,2
DA:26,2
DA:32,1
LF:5
LH:5
BRDA:14,0,0,2
BRDA:14,0,1,0
BRDA:15,1,0,2
BRDA:15,1,1,0
BRDA:27,2,0,2
BRDA:27,2,1,0
BRF:6
BRH:3
end_of_record
TN:
SF:sockets/reconnectionHandler.js
FN:10,handleReconnection
FN:39,setupReconnectionHandling
FN:40,(anonymous_2)
FN:44,(anonymous_3)
FN:48,(anonymous_4)
FN:52,(anonymous_5)
FNF:6
FNH:2
FNDA:3,handleReconnection
FNDA:1,setupReconnectionHandling
FNDA:0,(anonymous_2)
FNDA:0,(anonymous_3)
FNDA:0,(anonymous_4)
FNDA:0,(anonymous_5)
DA:5,1
DA:11,3
DA:13,3
DA:15,3
DA:17,3
DA:18,3
DA:19,2
DA:25,2
DA:32,0
DA:40,1
DA:41,0
DA:44,1
DA:45,0
DA:48,1
DA:49,0
DA:52,1
DA:53,0
DA:57,1
LF:18
LH:13
BRDA:11,0,0,3
BRDA:11,0,1,0
BRDA:18,1,0,2
BRDA:18,1,1,1
BRF:4
BRH:3
end_of_record
TN:
SF:sockets/remoteControlHandler.js
FN:10,setupRemoteControlHandlers
FN:12,(anonymous_1)
FN:26,(anonymous_2)
FN:39,(anonymous_3)
FN:62,(anonymous_4)
FNF:5
FNH:3
FNDA:3,setupRemoteControlHandlers
FNDA:0,(anonymous_1)
FNDA:1,(anonymous_2)
FNDA:1,(anonymous_3)
FNDA:0,(anonymous_4)
DA:5,1
DA:12,3
DA:13,0
DA:14,0
DA:15,0
DA:21,0
DA:26,3
DA:27,1
DA:28,1
DA:29,1
DA:32,1
DA:34,0
DA:39,3
DA:40,1
DA:41,1
DA:43,1
DA:44,0
DA:45,0
DA:49,1
DA:51,0
DA:54,0
DA:62,3
DA:63,0
DA:64,0
DA:67,0
DA:68,0
DA:71,0
DA:76,1
LF:28
LH:14
BRDA:14,0,0,0
BRDA:14,0,1,0
BRDA:28,1,0,1
BRDA:28,1,1,0
BRDA:43,2,0,0
BRDA:43,2,1,1
BRDA:64,3,0,0
BRDA:64,3,1,0
BRDA:67,4,0,0
BRDA:67,4,1,0
BRF:10
BRH:2
end_of_record
TN:
SF:sockets/screenStreamHandler.js
FN:10,setupScreenStreamHandlers
FN:12,(anonymous_1)
FN:26,(anonymous_2)
FN:39,(anonymous_3)
FN:51,(anonymous_4)
FN:63,(anonymous_5)
FNF:6
FNH:3
FNDA:3,setupScreenStreamHandlers
FNDA:0,(anonymous_1)
FNDA:1,(anonymous_2)
FNDA:1,(anonymous_3)
FNDA:0,(anonymous_4)
FNDA:0,(anonymous_5)
DA:5,1
DA:12,3
DA:13,0
DA:14,0
DA:15,0
DA:21,0
DA:26,3
DA:27,1
DA:28,1
DA:29,1
DA:32,1
DA:34,0
DA:39,3
DA:40,1
DA:41,1
DA:44,1
DA:46,0
DA:51,3
DA:52,0
DA:53,0
DA:54,0
DA:58,0
DA:63,3
DA:64,0
DA:65,0
DA:68,0
DA:69,0
DA:72,0
DA:77,1
LF:29
LH:14
BRDA:14,0,0,0
BRDA:14,0,1,0
BRDA:28,1,0,1
BRDA:28,1,1,0
BRDA:41,2,0,1
BRDA:41,2,1,0
BRDA:53,3,0,0
BRDA:53,3,1,0
BRDA:65,4,0,0
BRDA:65,4,1,0
BRDA:68,5,0,0
BRDA:68,5,1,0
BRF:12
BRH:2
end_of_record
TN:
SF:utils/errors.js
FN:6,(anonymous_0)
FN:16,(anonymous_1)
FN:23,(anonymous_2)
FN:29,(anonymous_3)
FN:35,(anonymous_4)
FN:41,(anonymous_5)
FN:47,(anonymous_6)
FN:53,(anonymous_7)
FN:64,(anonymous_8)
FNF:9
FNH:9
FNDA:130,(anonymous_0)
FNDA:26,(anonymous_1)
FNDA:4,(anonymous_2)
FNDA:1,(anonymous_3)
FNDA:9,(anonymous_4)
FNDA:1,(anonymous_5)
FNDA:82,(anonymous_6)
FNDA:2,(anonymous_7)
FNDA:1,(anonymous_8)
DA:7,130
DA:8,130
DA:9,130
DA:10,130
DA:11,130
DA:17,26
DA:18,26
DA:24,4
DA:30,1
DA:36,9
DA:42,1
DA:48,82
DA:54,2
DA:57,2
DA:58,2
DA:59,2
DA:65,1
DA:66,1
DA:67,1
DA:68,1
DA:72,19
LF:21
LH:21
BRDA:6,0,0,1
BRDA:6,1,0,129
BRDA:16,2,0,21
BRDA:23,3,0,1
BRDA:29,4,0,1
BRDA:35,5,0,1
BRDA:41,6,0,1
BRDA:47,7,0,1
BRDA:53,8,0,1
BRDA:54,9,0,1
BRDA:54,9,1,1
BRF:11
BRH:11
end_of_record
TN:
SF:utils/iosHelpers.js
FN:14,normalizeIOSContact
FN:41,normalizeIOSSMS
FN:66,normalizeIOSCall
FN:91,normalizeIOSLocation
FN:116,normalizeIOSApps
FN:122,(anonymous_5)
FN:128,(anonymous_6)
FN:140,isIOSFormat
FN:157,(anonymous_8)
FN:166,normalizeIOSDataArray
FN:173,(anonymous_10)
FN:175,(anonymous_11)
FN:177,(anonymous_12)
FNF:13
FNH:12
FNDA:5,normalizeIOSContact
FNDA:3,normalizeIOSSMS
FNDA:1,normalizeIOSCall
FNDA:2,normalizeIOSLocation
FNDA:4,normalizeIOSApps
FNDA:3,(anonymous_5)
FNDA:3,(anonymous_6)
FNDA:5,isIOSFormat
FNDA:14,(anonymous_8)
FNDA:3,normalizeIOSDataArray
FNDA:1,(anonymous_10)
FNDA:1,(anonymous_11)
FNDA:0,(anonymous_12)
DA:6,1
DA:15,5
DA:16,5
DA:17,2
DA:21,3
DA:31,0
DA:32,0
DA:42,3
DA:43,3
DA:44,1
DA:47,2
DA:56,0
DA:57,0
DA:67,1
DA:68,1
DA:69,0
DA:72,1
DA:81,0
DA:82,0
DA:92,2
DA:93,2
DA:94,0
DA:97,2
DA:106,0
DA:107,0
DA:117,4
DA:118,4
DA:119,2
DA:122,3
DA:128,3
DA:130,0
DA:131,0
DA:141,5
DA:142,1
DA:146,4
DA:157,14
DA:167,3
DA:168,0
DA:171,3
DA:173,1
DA:175,1
DA:177,0
DA:179,0
DA:181,1
DA:185,1
LF:45
LH:30
BRDA:16,0,0,2
BRDA:16,0,1,3
BRDA:16,1,0,5
BRDA:16,1,1,4
BRDA:22,2,0,3
BRDA:22,2,1,0
BRDA:22,2,2,0
BRDA:23,3,0,2
BRDA:23,3,1,1
BRDA:23,4,0,3
BRDA:23,4,1,2
BRDA:25,5,0,1
BRDA:25,5,1,1
BRDA:25,5,2,1
BRDA:26,6,0,3
BRDA:26,6,1,2
BRDA:26,6,2,2
BRDA:27,7,0,3
BRDA:27,7,1,2
BRDA:27,7,2,2
BRDA:43,8,0,1
BRDA:43,8,1,2
BRDA:43,9,0,3
BRDA:43,9,1,2
BRDA:48,10,0,2
BRDA:48,10,1,0
BRDA:48,10,2,0
BRDA:49,11,0,2
BRDA:49,11,1,0
BRDA:49,11,2,0
BRDA:50,12,0,2
BRDA:50,12,1,0
BRDA:50,12,2,0
BRDA:51,13,0,2
BRDA:51,13,1,1
BRDA:51,13,2,1
BRDA:52,14,0,1
BRDA:52,14,1,1
BRDA:52,15,0,1
BRDA:52,15,1,0
BRDA:52,16,0,1
BRDA:52,16,1,1
BRDA:68,17,0,0
BRDA:68,17,1,1
BRDA:68,18,0,1
BRDA:68,18,1,1
BRDA:73,19,0,1
BRDA:73,19,1,0
BRDA:73,19,2,0
BRDA:74,20,0,1
BRDA:74,20,1,0
BRDA:74,20,2,0
BRDA:75,21,0,1
BRDA:75,21,1,0
BRDA:75,21,2,0
BRDA:76,22,0,1
BRDA:76,22,1,0
BRDA:76,22,2,0
BRDA:77,23,0,1
BRDA:77,23,1,0
BRDA:93,24,0,0
BRDA:93,24,1,2
BRDA:93,25,0,2
BRDA:93,25,1,2
BRDA:98,26,0,2
BRDA:98,26,1,1
BRDA:98,26,2,0
BRDA:99,27,0,2
BRDA:99,27,1,1
BRDA:99,27,2,0
BRDA:100,28,0,2
BRDA:100,28,1,0
BRDA:100,28,2,0
BRDA:101,29,0,2
BRDA:101,29,1,1
BRDA:102,30,0,2
BRDA:102,30,1,1
BRDA:118,31,0,2
BRDA:118,31,1,2
BRDA:123,32,0,3
BRDA:123,32,1,1
BRDA:123,32,2,1
BRDA:124,33,0,3
BRDA:124,33,1,2
BRDA:124,33,2,0
BRDA:125,34,0,3
BRDA:125,34,1,2
BRDA:126,35,0,0
BRDA:126,35,1,3
BRDA:141,36,0,1
BRDA:141,36,1,4
BRDA:141,37,0,5
BRDA:141,37,1,4
BRDA:167,38,0,0
BRDA:167,38,1,3
BRDA:171,39,0,1
BRDA:171,39,1,1
BRDA:171,39,2,0
BRDA:171,39,3,0
BRDA:171,39,4,1
BRF:100
BRH:71
end_of_record
TN:
SF:utils/logger.js
FN:28,(anonymous_0)
FNF:1
FNH:0
FNDA:0,(anonymous_0)
DA:5,23
DA:6,23
DA:7,23
DA:8,23
DA:11,23
DA:12,23
DA:13,0
DA:17,23
DA:25,23
DA:29,0
DA:30,0
DA:31,0
DA:33,0
DA:38,23
DA:60,23
DA:61,0
DA:68,23
LF:17
LH:11
BRDA:12,0,0,0
BRDA:12,0,1,23
BRDA:30,1,0,0
BRDA:30,1,1,0
BRDA:60,2,0,0
BRDA:60,2,1,23
BRF:6
BRH:2
end_of_record
TN:
SF:utils/metrics.js
FN:8,(anonymous_0)
FN:35,(anonymous_1)
FN:52,(anonymous_2)
FN:60,(anonymous_3)
FN:68,(anonymous_4)
FN:80,(anonymous_5)
FN:92,(anonymous_6)
FN:105,(anonymous_7)
FNF:8
FNH:8
FNDA:6,(anonymous_0)
FNDA:5,(anonymous_1)
FNDA:6,(anonymous_2)
FNDA:3,(anonymous_3)
FNDA:5,(anonymous_4)
FNDA:1,(anonymous_5)
FNDA:12,(anonymous_6)
FNDA:12,(anonymous_7)
DA:5,6
DA:9,6
DA:36,5
DA:38,5
DA:39,4
DA:41,5
DA:43,5
DA:44,3
DA:46,5
DA:53,6
DA:54,6
DA:61,3
DA:62,3
DA:69,5
DA:71,5
DA:72,4
DA:74,5
DA:81,1
DA:83,1
DA:84,1
DA:86,1
DA:93,12
DA:95,12
DA:106,12
DA:131,6
DA:133,6
LF:26
LH:26
BRDA:38,0,0,4
BRDA:38,0,1,1
BRDA:43,1,0,3
BRDA:43,1,1,2
BRDA:71,2,0,4
BRDA:71,2,1,1
BRDA:83,3,0,1
BRDA:83,3,1,0
BRF:8
BRH:7
end_of_record
TN:
SF:utils/platformDetector.js
FN:21,detectFromHeaders
FN:76,detectFromDeviceInfo
FN:115,detectFromSocket
FN:147,isValidPlatform
FN:156,normalizePlatform
FNF:5
FNH:5
FNDA:18,detectFromHeaders
FNDA:9,detectFromDeviceInfo
FNDA:10,detectFromSocket
FNDA:8,isValidPlatform
FNDA:32,normalizePlatform
DA:6,13
DA:11,13
DA:22,18
DA:24,18
DA:25,13
DA:26,13
DA:27,13
DA:32,5
DA:33,2
DA:34,2
DA:35,1
DA:37,1
DA:38,1
DA:43,3
DA:44,2
DA:45,2
DA:46,2
DA:51,1
DA:52,0
DA:54,0
DA:56,0
DA:58,0
DA:64,1
DA:66,0
DA:67,0
DA:77,9
DA:79,9
DA:80,2
DA:81,2
DA:82,2
DA:87,7
DA:88,5
DA:89,5
DA:90,3
DA:95,4
DA:96,3
DA:97,3
DA:98,1
DA:103,3
DA:105,0
DA:106,0
DA:116,10
DA:117,10
DA:118,10
DA:121,10
DA:124,10
DA:126,4
DA:129,10
DA:134,0
DA:135,0
DA:148,8
DA:157,32
DA:158,2
DA:161,30
DA:162,30
DA:163,11
DA:167,19
DA:168,18
DA:172,1
DA:175,13
LF:60
LH:50
BRDA:24,0,0,13
BRDA:24,0,1,5
BRDA:26,1,0,13
BRDA:26,1,1,0
BRDA:26,2,0,13
BRDA:26,2,1,7
BRDA:32,3,0,2
BRDA:32,3,1,3
BRDA:34,4,0,1
BRDA:34,4,1,1
BRDA:34,5,0,2
BRDA:34,5,1,2
BRDA:34,5,2,1
BRDA:37,6,0,1
BRDA:37,6,1,0
BRDA:43,7,0,2
BRDA:43,7,1,1
BRDA:45,8,0,2
BRDA:45,8,1,0
BRDA:45,9,0,2
BRDA:45,9,1,1
BRDA:45,9,2,0
BRDA:51,10,0,0
BRDA:51,10,1,1
BRDA:54,11,0,0
BRDA:54,11,1,0
BRDA:54,12,0,0
BRDA:54,12,1,0
BRDA:56,13,0,0
BRDA:56,13,1,0
BRDA:56,14,0,0
BRDA:56,14,1,0
BRDA:56,14,2,0
BRDA:79,15,0,2
BRDA:79,15,1,7
BRDA:81,16,0,2
BRDA:81,16,1,0
BRDA:81,17,0,2
BRDA:81,17,1,1
BRDA:87,18,0,5
BRDA:87,18,1,2
BRDA:89,19,0,3
BRDA:89,19,1,2
BRDA:89,20,0,5
BRDA:89,20,1,3
BRDA:89,20,2,2
BRDA:95,21,0,3
BRDA:95,21,1,1
BRDA:97,22,0,1
BRDA:97,22,1,2
BRDA:117,23,0,10
BRDA:117,23,1,0
BRDA:121,24,0,10
BRDA:121,24,1,9
BRDA:121,24,2,0
BRDA:124,25,0,4
BRDA:124,25,1,6
BRDA:124,26,0,10
BRDA:124,26,1,4
BRDA:148,27,0,8
BRDA:148,27,1,6
BRDA:157,28,0,2
BRDA:157,28,1,30
BRDA:157,29,0,32
BRDA:157,29,1,30
BRDA:162,30,0,11
BRDA:162,30,1,19
BRDA:162,31,0,30
BRDA:162,31,1,21
BRDA:162,31,2,20
BRDA:167,32,0,18
BRDA:167,32,1,1
BRF:72
BRH:55
end_of_record
TN:
SF:utils/platformUtils.js
FN:15,isPlatformSupported
FN:28,getPlatformActionsList
FN:43,normalizePlatformData
FN:86,getPlatformAction
FN:99,validatePlatform
FN:108,getPlatformDisplayName
FN:131,getPlatformIcon
FN:155,comparePlatforms
FNF:8
FNH:8
FNDA:5,isPlatformSupported
FNDA:4,getPlatformActionsList
FNDA:7,normalizePlatformData
FNDA:2,getPlatformAction
FNDA:3,validatePlatform
FNDA:3,getPlatformDisplayName
FNDA:3,getPlatformIcon
FNDA:5,comparePlatforms
DA:6,2
DA:7,2
DA:16,5
DA:17,2
DA:20,3
DA:29,4
DA:30,1
DA:33,3
DA:44,7
DA:45,2
DA:48,5
DA:49,5
DA:52,5
DA:55,1
DA:56,1
DA:61,5
DA:62,1
DA:64,5
DA:65,0
DA:67,5
DA:68,0
DA:70,5
DA:71,0
DA:73,5
DA:74,0
DA:77,5
DA:87,2
DA:88,1
DA:91,1
DA:100,3
DA:109,3
DA:110,0
DA:113,3
DA:116,3
DA:117,1
DA:118,2
DA:119,1
DA:123,1
DA:132,3
DA:133,0
DA:136,3
DA:139,3
DA:140,1
DA:141,2
DA:142,1
DA:146,1
DA:156,5
DA:159,2
LF:48
LH:42
BRDA:16,0,0,2
BRDA:16,0,1,3
BRDA:16,1,0,5
BRDA:16,1,1,4
BRDA:29,2,0,1
BRDA:29,2,1,3
BRDA:44,3,0,2
BRDA:44,3,1,5
BRDA:44,4,0,7
BRDA:44,4,1,6
BRDA:48,5,0,5
BRDA:48,5,1,0
BRDA:52,6,0,1
BRDA:52,6,1,4
BRDA:55,7,0,1
BRDA:55,7,1,0
BRDA:55,8,0,1
BRDA:55,8,1,1
BRDA:61,9,0,1
BRDA:61,9,1,4
BRDA:61,10,0,5
BRDA:61,10,1,2
BRDA:64,11,0,0
BRDA:64,11,1,5
BRDA:64,12,0,5
BRDA:64,12,1,0
BRDA:67,13,0,0
BRDA:67,13,1,5
BRDA:67,14,0,5
BRDA:67,14,1,0
BRDA:70,15,0,0
BRDA:70,15,1,5
BRDA:70,16,0,5
BRDA:70,16,1,0
BRDA:73,17,0,0
BRDA:73,17,1,5
BRDA:73,18,0,5
BRDA:73,18,1,0
BRDA:87,19,0,1
BRDA:87,19,1,1
BRDA:87,20,0,2
BRDA:87,20,1,2
BRDA:109,21,0,0
BRDA:109,21,1,3
BRDA:109,22,0,3
BRDA:109,22,1,3
BRDA:116,23,0,1
BRDA:116,23,1,2
BRDA:116,24,0,3
BRDA:116,24,1,2
BRDA:116,24,2,2
BRDA:118,25,0,1
BRDA:118,25,1,1
BRDA:132,26,0,0
BRDA:132,26,1,3
BRDA:132,27,0,3
BRDA:132,27,1,3
BRDA:139,28,0,1
BRDA:139,28,1,2
BRDA:139,29,0,3
BRDA:139,29,1,2
BRDA:139,29,2,2
BRDA:141,30,0,1
BRDA:141,30,1,1
BRF:64
BRH:52
end_of_record
